Using pre-set license
Built from '2020.3/staging' branch; Version is '2020.3.21f1 (a38c86f6690f) revision 10718342'; Using compiler version '192528614'; Build Type 'Release'
OS: 'Windows 10 Home; OS build 19043.2130; Version 2009; 64bit' Language: 'ko' Physical Memory: 32533 MB
BatchMode: 1, IsHumanControllingUs: 0, StartBugReporterOnCrash: 0, Is64bit: 1, IsPro: 0

COMMAND LINE ARGUMENTS:
D:\2020.3.21f1\Editor\Unity.exe
-adb2
-batchMode
-noUpm
-name
AssetImportWorker0
-projectPath
E:/1_2022/2학기/0_게임엔진응용실습/GEAP_TeamProject_A/TeamProject_MainBranch
-logFile
Logs/AssetImportWorker0.log
-srvPort
61622
Successfully changed project path to: E:/1_2022/2학기/0_게임엔진응용실습/GEAP_TeamProject_A/TeamProject_MainBranch
E:/1_2022/2학기/0_게임엔진응용실습/GEAP_TeamProject_A/TeamProject_MainBranch
Using Asset Import Pipeline V2.
Refreshing native plugins compatible for Editor in 30.48 ms, found 2 plugins.
Preloading 0 native plugins for Editor in 0.00 ms.
Initialize engine version: 2020.3.21f1 (a38c86f6690f)
[Subsystems] Discovering subsystems at path D:/2020.3.21f1/Editor/Data/Resources/UnitySubsystems
[Subsystems] Discovering subsystems at path E:/1_2022/2학기/0_게임엔진응용실습/GEAP_TeamProject_A/TeamProject_MainBranch/Assets
GfxDevice: creating device client; threaded=0
Direct3D:
    Version:  Direct3D 11.0 [level 11.1]
    Renderer: NVIDIA GeForce RTX 3060 Ti (ID=0x2489)
    Vendor:   
    VRAM:     8050 MB
    Driver:   30.0.15.1215
Initialize mono
Mono path[0] = 'D:/2020.3.21f1/Editor/Data/Managed'
Mono path[1] = 'D:/2020.3.21f1/Editor/Data/MonoBleedingEdge/lib/mono/unityjit'
Mono config path = 'D:/2020.3.21f1/Editor/Data/MonoBleedingEdge/etc'
Using monoOptions --debugger-agent=transport=dt_socket,embedding=1,server=y,suspend=n,address=127.0.0.1:56560
Begin MonoManager ReloadAssembly
Registering precompiled unity dll's ...
Register platform support module: D:/2020.3.21f1/Editor/Data/PlaybackEngines/WindowsStandaloneSupport/UnityEditor.WindowsStandalone.Extensions.dll
Registered in 0.000885 seconds.
Native extension for WindowsStandalone target not found
Refreshing native plugins compatible for Editor in 25.54 ms, found 2 plugins.
Preloading 0 native plugins for Editor in 0.00 ms.
Mono: successfully reloaded assembly
- Completed reload, in  0.688 seconds
Domain Reload Profiling:
	ReloadAssembly (689ms)
		BeginReloadAssembly (53ms)
			ExecutionOrderSort (0ms)
			DisableScriptedObjects (0ms)
			BackupInstance (0ms)
			ReleaseScriptingObjects (0ms)
			CreateAndSetChildDomain (2ms)
		EndReloadAssembly (303ms)
			LoadAssemblies (51ms)
			RebuildTransferFunctionScriptingTraits (0ms)
			SetupTypeCache (95ms)
			ReleaseScriptCaches (0ms)
			RebuildScriptCaches (21ms)
			SetupLoadedEditorAssemblies (116ms)
				LogAssemblyErrors (0ms)
				InitializePlatformSupportModulesInManaged (3ms)
				SetLoadedEditorAssemblies (0ms)
				RefreshPlugins (26ms)
				BeforeProcessingInitializeOnLoad (12ms)
				ProcessInitializeOnLoadAttributes (56ms)
				ProcessInitializeOnLoadMethodAttributes (19ms)
				AfterProcessingInitializeOnLoad (0ms)
				EditorAssembliesLoaded (0ms)
			ExecutionOrderSort2 (0ms)
			AwakeInstancesAfterBackupRestoration (0ms)
Platform modules already initialized, skipping
Registering precompiled user dll's ...
Registered in 0.003952 seconds.
Begin MonoManager ReloadAssembly
Native extension for WindowsStandalone target not found
Refreshing native plugins compatible for Editor in 0.29 ms, found 2 plugins.
Preloading 0 native plugins for Editor in 0.00 ms.
Mono: successfully reloaded assembly
- Completed reload, in  0.707 seconds
Domain Reload Profiling:
	ReloadAssembly (707ms)
		BeginReloadAssembly (106ms)
			ExecutionOrderSort (0ms)
			DisableScriptedObjects (3ms)
			BackupInstance (0ms)
			ReleaseScriptingObjects (0ms)
			CreateAndSetChildDomain (13ms)
		EndReloadAssembly (558ms)
			LoadAssemblies (73ms)
			RebuildTransferFunctionScriptingTraits (0ms)
			SetupTypeCache (188ms)
			ReleaseScriptCaches (0ms)
			RebuildScriptCaches (27ms)
			SetupLoadedEditorAssemblies (220ms)
				LogAssemblyErrors (0ms)
				InitializePlatformSupportModulesInManaged (4ms)
				SetLoadedEditorAssemblies (0ms)
				RefreshPlugins (0ms)
				BeforeProcessingInitializeOnLoad (56ms)
				ProcessInitializeOnLoadAttributes (152ms)
				ProcessInitializeOnLoadMethodAttributes (6ms)
				AfterProcessingInitializeOnLoad (2ms)
				EditorAssembliesLoaded (0ms)
			ExecutionOrderSort2 (0ms)
			AwakeInstancesAfterBackupRestoration (5ms)
Platform modules already initialized, skipping
========================================================================
Worker process is ready to serve import requests
Launched and connected shader compiler UnityShaderCompiler.exe after 0.09 seconds
Refreshing native plugins compatible for Editor in 0.37 ms, found 2 plugins.
Preloading 0 native plugins for Editor in 0.00 ms.
Unloading 1496 Unused Serialized files (Serialized files now loaded: 0)
System memory in use before: 70.3 MB.
System memory in use after: 70.4 MB.

Unloading 19 unused Assets to reduce memory usage. Loaded Objects now: 1929.
Total: 2.523300 ms (FindLiveObjects: 0.170700 ms CreateObjectMapping: 0.072900 ms MarkObjects: 2.194500 ms  DeleteObjects: 0.084100 ms)

AssetImportParameters requested are different than current active one (requested -> active):
  custom:framework-win-MediaFoundation: 216162199b28c13a410421893ffa2e32 -> 
  custom:video-decoder-ogg-theora: a1e56fd34408186e4bbccfd4996cb3dc -> 
  custom:container-muxer-webm: aa71ff27fc2769a1b78a27578f13a17b -> 
  custom:container-demuxer-webm: 4f35f7cbe854078d1ac9338744f61a02 -> 
  custom:container-demuxer-ogg: 62fdf1f143b41e24485cea50d1cbac27 -> 
  custom:video-encoder-webm-vp8: eb34c28f22e8b96e1ab97ce403110664 -> 
  custom:video-decoder-webm-vp8: 9c59270c3fd7afecdb556c50c9e8de78 -> 
  custom:audio-decoder-ogg-vorbis: bf7c407c2cedff20999df2af8eb42d56 -> 
  custom:audio-encoder-webm-vorbis: bf7c407c2cedff20999df2af8eb42d56 -> 
========================================================================
Received Import Request.
  path: Assets/01_Scenes/Main.unity
  artifactKey: Guid(5f3db6bcfb90cf1448c595490564b97c) Importer(815301076,1909f56bfc062723c751e8b465ee728b)
Start importing Assets/01_Scenes/Main.unity using Guid(5f3db6bcfb90cf1448c595490564b97c) Importer(815301076,1909f56bfc062723c751e8b465ee728b)  -> (artifact id: 'f53ffb855adf9a613476e2fab8827568') in 0.016982 seconds 
  Import took 0.018899 seconds .

========================================================================
Received Import Request.
  Time since last request: 0.000211 seconds.
  path: Assets/01_Scenes
  artifactKey: Guid(44ac2bfd759cde5489b51f7200c9f6db) Importer(815301076,1909f56bfc062723c751e8b465ee728b)
Start importing Assets/01_Scenes using Guid(44ac2bfd759cde5489b51f7200c9f6db) Importer(815301076,1909f56bfc062723c751e8b465ee728b)  -> (artifact id: 'a5d59effd2272348d9b62751825de669') in 0.011986 seconds 
  Import took 0.013682 seconds .

========================================================================
Received Import Request.
  Time since last request: 1.745569 seconds.
  path: Assets/Terrains/New Terrain.asset
  artifactKey: Guid(d06e2386fc0637f4780093877a6f5186) Importer(815301076,1909f56bfc062723c751e8b465ee728b)
Start importing Assets/Terrains/New Terrain.asset using Guid(d06e2386fc0637f4780093877a6f5186) Importer(815301076,1909f56bfc062723c751e8b465ee728b) The tree RHEF_SpruceA couldn't be instanced because the prefab contains no valid mesh renderer.
The tree Tree1 must use the Nature/Soft Occlusion shader. Otherwise billboarding/lighting will not work correctly.
The tree Tree1 must use the Nature/Soft Occlusion shader. Otherwise billboarding/lighting will not work correctly.
 -> (artifact id: '12c7eea3236c304c9297cb1c7dae9dbd') in 0.093638 seconds 
  Import took 0.095809 seconds .

========================================================================
Received Import Request.
  Time since last request: 0.000256 seconds.
  path: Assets/Terrains/TerrainData_b1a54438-c8da-4964-8162-dcae3d24f830.asset
  artifactKey: Guid(6d29f11882a30d54b97ce281d386468d) Importer(815301076,1909f56bfc062723c751e8b465ee728b)
Start importing Assets/Terrains/TerrainData_b1a54438-c8da-4964-8162-dcae3d24f830.asset using Guid(6d29f11882a30d54b97ce281d386468d) Importer(815301076,1909f56bfc062723c751e8b465ee728b) The tree Tree1 must use the Nature/Soft Occlusion shader. Otherwise billboarding/lighting will not work correctly.
The tree Tree1 must use the Nature/Soft Occlusion shader. Otherwise billboarding/lighting will not work correctly.
The tree Tree2 must use the Nature/Soft Occlusion shader. Otherwise billboarding/lighting will not work correctly.
The tree Tree2 must use the Nature/Soft Occlusion shader. Otherwise billboarding/lighting will not work correctly.
 -> (artifact id: '6f199f90183401739b87244793c90d6a') in 0.044972 seconds 
  Import took 0.046956 seconds .

========================================================================
Received Import Request.
  Time since last request: 0.000199 seconds.
  path: Assets/Terrains/TerrainData_d0e43345-6e18-4243-ac16-f84ebf03d16e.asset
  artifactKey: Guid(58f53001882df144ca3a3868f8c01f35) Importer(815301076,1909f56bfc062723c751e8b465ee728b)
Start importing Assets/Terrains/TerrainData_d0e43345-6e18-4243-ac16-f84ebf03d16e.asset using Guid(58f53001882df144ca3a3868f8c01f35) Importer(815301076,1909f56bfc062723c751e8b465ee728b)  -> (artifact id: '80f2d346b2809e0442637ff7f2886d5c') in 0.024495 seconds 
  Import took 0.026639 seconds .

========================================================================
Received Import Request.
  Time since last request: 0.000208 seconds.
  path: Assets/Terrains/TerrainData_efe7caf3-b012-4111-b1b0-89e920c490f1.asset
  artifactKey: Guid(d95d0e3d40f46a24f8418c7715c9a8e4) Importer(815301076,1909f56bfc062723c751e8b465ee728b)
Start importing Assets/Terrains/TerrainData_efe7caf3-b012-4111-b1b0-89e920c490f1.asset using Guid(d95d0e3d40f46a24f8418c7715c9a8e4) Importer(815301076,1909f56bfc062723c751e8b465ee728b)  -> (artifact id: 'edd7ed0fd583f186d5665a1a5b12c58e') in 0.027299 seconds 
  Import took 0.029595 seconds .

========================================================================
Received Import Request.
  Time since last request: 0.000155 seconds.
  path: Assets/Terrains/TerrainData_3a9c9c46-2cc3-4e9f-9e61-e0150732f83f.asset
  artifactKey: Guid(36c3bbfaaaeaea4459b86249fcec0fd6) Importer(815301076,1909f56bfc062723c751e8b465ee728b)
Start importing Assets/Terrains/TerrainData_3a9c9c46-2cc3-4e9f-9e61-e0150732f83f.asset using Guid(36c3bbfaaaeaea4459b86249fcec0fd6) Importer(815301076,1909f56bfc062723c751e8b465ee728b)  -> (artifact id: 'f07b3670d8364947fcd29fd08ab6abd3') in 0.043852 seconds 
  Import took 0.045929 seconds .

========================================================================
Received Import Request.
  Time since last request: 0.000174 seconds.
  path: Assets/Terrains/TerrainData_66821d9c-8fc0-4023-88a7-2d3b4d9c7193.asset
  artifactKey: Guid(9dcb7d55a5f44f34c940df5e14647ea4) Importer(815301076,1909f56bfc062723c751e8b465ee728b)
Start importing Assets/Terrains/TerrainData_66821d9c-8fc0-4023-88a7-2d3b4d9c7193.asset using Guid(9dcb7d55a5f44f34c940df5e14647ea4) Importer(815301076,1909f56bfc062723c751e8b465ee728b) The tree Tree1 must use the Nature/Soft Occlusion shader. Otherwise billboarding/lighting will not work correctly.
The tree Tree1 must use the Nature/Soft Occlusion shader. Otherwise billboarding/lighting will not work correctly.
The tree Tree2 must use the Nature/Soft Occlusion shader. Otherwise billboarding/lighting will not work correctly.
The tree Tree2 must use the Nature/Soft Occlusion shader. Otherwise billboarding/lighting will not work correctly.
 -> (artifact id: '343a6e67a7e71287ee5f49b2b514f0af') in 0.581948 seconds 
  Import took 0.583898 seconds .

========================================================================
Received Import Request.
  Time since last request: 0.000202 seconds.
  path: Assets/Terrains/TerrainData_c6da2aaf-a1f2-4cad-b947-ae2a8ab62cd5.asset
  artifactKey: Guid(2a77a42c6e1cffb43b5a6e57ee3d7638) Importer(815301076,1909f56bfc062723c751e8b465ee728b)
Start importing Assets/Terrains/TerrainData_c6da2aaf-a1f2-4cad-b947-ae2a8ab62cd5.asset using Guid(2a77a42c6e1cffb43b5a6e57ee3d7638) Importer(815301076,1909f56bfc062723c751e8b465ee728b)  -> (artifact id: 'e20350b47032babe52dbe9e34a9e52c1') in 0.029185 seconds 
  Import took 0.030916 seconds .

========================================================================
Received Import Request.
  Time since last request: 0.000238 seconds.
  path: Assets/Terrains/TerrainData_fa364ae2-fe25-4a49-b0b5-c0585fc21445.asset
  artifactKey: Guid(98f48d0e4aa8eda4899ea75ad477fdb2) Importer(815301076,1909f56bfc062723c751e8b465ee728b)
Start importing Assets/Terrains/TerrainData_fa364ae2-fe25-4a49-b0b5-c0585fc21445.asset using Guid(98f48d0e4aa8eda4899ea75ad477fdb2) Importer(815301076,1909f56bfc062723c751e8b465ee728b) The tree Tree1 must use the Nature/Soft Occlusion shader. Otherwise billboarding/lighting will not work correctly.
The tree Tree1 must use the Nature/Soft Occlusion shader. Otherwise billboarding/lighting will not work correctly.
The tree Tree2 must use the Nature/Soft Occlusion shader. Otherwise billboarding/lighting will not work correctly.
The tree Tree2 must use the Nature/Soft Occlusion shader. Otherwise billboarding/lighting will not work correctly.
 -> (artifact id: 'ed0715b53e3c2fd6186c00bf51ec8605') in 0.030145 seconds 
  Import took 0.032100 seconds .

========================================================================
Received Import Request.
  Time since last request: 0.000182 seconds.
  path: Assets/Terrains/TerrainData_4d53dda6-967e-45bd-85d5-71826a240340.asset
  artifactKey: Guid(82090ca6a303aa348a601cad18665ec7) Importer(815301076,1909f56bfc062723c751e8b465ee728b)
Start importing Assets/Terrains/TerrainData_4d53dda6-967e-45bd-85d5-71826a240340.asset using Guid(82090ca6a303aa348a601cad18665ec7) Importer(815301076,1909f56bfc062723c751e8b465ee728b) The tree Tree2 must use the Nature/Soft Occlusion shader. Otherwise billboarding/lighting will not work correctly.
The tree Tree2 must use the Nature/Soft Occlusion shader. Otherwise billboarding/lighting will not work correctly.
The tree Tree1 must use the Nature/Soft Occlusion shader. Otherwise billboarding/lighting will not work correctly.
The tree Tree1 must use the Nature/Soft Occlusion shader. Otherwise billboarding/lighting will not work correctly.
 -> (artifact id: '61db4abdb26bc1c5af37f91c40d200fd') in 0.035169 seconds 
  Import took 0.037170 seconds .

========================================================================
Received Import Request.
  Time since last request: 0.000187 seconds.
  path: Assets/Terrains/TerrainData_86c349b8-1a80-407c-b15c-eebf04246d01.asset
  artifactKey: Guid(e451edc48e6287d47a31451a21be2489) Importer(815301076,1909f56bfc062723c751e8b465ee728b)
Start importing Assets/Terrains/TerrainData_86c349b8-1a80-407c-b15c-eebf04246d01.asset using Guid(e451edc48e6287d47a31451a21be2489) Importer(815301076,1909f56bfc062723c751e8b465ee728b) The tree RHEF_SpruceA couldn't be instanced because the prefab contains no valid mesh renderer.
The tree RHEF_SpruceA couldn't be instanced because the prefab contains no valid mesh renderer.
The tree Tree1 must use the Nature/Soft Occlusion shader. Otherwise billboarding/lighting will not work correctly.
The tree Tree1 must use the Nature/Soft Occlusion shader. Otherwise billboarding/lighting will not work correctly.
The tree Tree2 must use the Nature/Soft Occlusion shader. Otherwise billboarding/lighting will not work correctly.
The tree Tree2 must use the Nature/Soft Occlusion shader. Otherwise billboarding/lighting will not work correctly.
The tree TreeYellow3 must use the Nature/Soft Occlusion shader. Otherwise billboarding/lighting will not work correctly.
The tree TreeYellow3 must use the Nature/Soft Occlusion shader. Otherwise billboarding/lighting will not work correctly.
The tree TreeYellow3 must use the Nature/Soft Occlusion shader. Otherwise billboarding/lighting will not work correctly.
The tree Rock5 must use the Nature/Soft Occlusion shader. Otherwise billboarding/lighting will not work correctly.
The tree Rock1 must use the Nature/Soft Occlusion shader. Otherwise billboarding/lighting will not work correctly.
The tree Rock5 must use the Nature/Soft Occlusion shader. Otherwise billboarding/lighting will not work correctly.
The tree Rock3 must use the Nature/Soft Occlusion shader. Otherwise billboarding/lighting will not work correctly.
 -> (artifact id: '4afee8c74eb9f514018198387aa5d7e6') in 0.040863 seconds 
  Import took 0.043334 seconds .

========================================================================
Received Import Request.
  Time since last request: 0.000193 seconds.
  path: Assets/Terrains/TerrainData_1699b5b8-ac94-4d52-a913-c35a880f49d2.asset
  artifactKey: Guid(1227b1bd3097a254f9bb81d053bdf270) Importer(815301076,1909f56bfc062723c751e8b465ee728b)
Start importing Assets/Terrains/TerrainData_1699b5b8-ac94-4d52-a913-c35a880f49d2.asset using Guid(1227b1bd3097a254f9bb81d053bdf270) Importer(815301076,1909f56bfc062723c751e8b465ee728b) The tree Tree1 must use the Nature/Soft Occlusion shader. Otherwise billboarding/lighting will not work correctly.
The tree Tree1 must use the Nature/Soft Occlusion shader. Otherwise billboarding/lighting will not work correctly.
The tree Tree2 must use the Nature/Soft Occlusion shader. Otherwise billboarding/lighting will not work correctly.
The tree Tree2 must use the Nature/Soft Occlusion shader. Otherwise billboarding/lighting will not work correctly.
 -> (artifact id: 'b04b20cf16ed68b824dd6f27808d363e') in 0.036233 seconds 
  Import took 0.038414 seconds .

========================================================================
Received Import Request.
  Time since last request: 0.000249 seconds.
  path: Assets/Terrains/TerrainData_42ffd6be-33dc-4c6f-9ffe-c8e6ccb19c8d.asset
  artifactKey: Guid(f76208690924c1042aaaec48a8934c6c) Importer(815301076,1909f56bfc062723c751e8b465ee728b)
Start importing Assets/Terrains/TerrainData_42ffd6be-33dc-4c6f-9ffe-c8e6ccb19c8d.asset using Guid(f76208690924c1042aaaec48a8934c6c) Importer(815301076,1909f56bfc062723c751e8b465ee728b) The tree Tree1 must use the Nature/Soft Occlusion shader. Otherwise billboarding/lighting will not work correctly.
The tree Tree1 must use the Nature/Soft Occlusion shader. Otherwise billboarding/lighting will not work correctly.
The tree Tree2 must use the Nature/Soft Occlusion shader. Otherwise billboarding/lighting will not work correctly.
The tree Tree2 must use the Nature/Soft Occlusion shader. Otherwise billboarding/lighting will not work correctly.
 -> (artifact id: '7d41dc5718a843ab96690ece4f461d5f') in 0.059114 seconds 
  Import took 0.061037 seconds .

========================================================================
Received Import Request.
  Time since last request: 0.000279 seconds.
  path: Assets/Terrains/TerrainData_69de31ec-4fa0-46eb-bef9-a0aae7e5fe16.asset
  artifactKey: Guid(75f5766c6d99b914388fe82cb9a5596c) Importer(815301076,1909f56bfc062723c751e8b465ee728b)
Start importing Assets/Terrains/TerrainData_69de31ec-4fa0-46eb-bef9-a0aae7e5fe16.asset using Guid(75f5766c6d99b914388fe82cb9a5596c) Importer(815301076,1909f56bfc062723c751e8b465ee728b)  -> (artifact id: '21b9595e163e75a252834c2538239843') in 0.026602 seconds 
  Import took 0.028449 seconds .

========================================================================
Received Import Request.
  Time since last request: 0.000228 seconds.
  path: Assets/Terrains/TerrainData_a97fd99f-3f97-4802-8fae-b6a94a22ce70.asset
  artifactKey: Guid(5e49b0c9d1f148a4f9837018054ee0af) Importer(815301076,1909f56bfc062723c751e8b465ee728b)
Start importing Assets/Terrains/TerrainData_a97fd99f-3f97-4802-8fae-b6a94a22ce70.asset using Guid(5e49b0c9d1f148a4f9837018054ee0af) Importer(815301076,1909f56bfc062723c751e8b465ee728b)  -> (artifact id: '9ee83c4a3d41fb83677aacb3ae89250d') in 0.034869 seconds 
  Import took 0.036956 seconds .

========================================================================
Received Import Request.
  Time since last request: 0.000211 seconds.
  path: Assets/Terrains/TerrainData_deb6a61b-258e-403e-8c62-889f1d45b314.asset
  artifactKey: Guid(b4f0dfa5f76ff464d8531387ddd2f4ba) Importer(815301076,1909f56bfc062723c751e8b465ee728b)
Start importing Assets/Terrains/TerrainData_deb6a61b-258e-403e-8c62-889f1d45b314.asset using Guid(b4f0dfa5f76ff464d8531387ddd2f4ba) Importer(815301076,1909f56bfc062723c751e8b465ee728b) The tree RHEF_SpruceA couldn't be instanced because the prefab contains no valid mesh renderer.
The tree RHEF_SpruceA couldn't be instanced because the prefab contains no valid mesh renderer.
The tree Tree1 must use the Nature/Soft Occlusion shader. Otherwise billboarding/lighting will not work correctly.
The tree Tree1 must use the Nature/Soft Occlusion shader. Otherwise billboarding/lighting will not work correctly.
The tree Tree2 must use the Nature/Soft Occlusion shader. Otherwise billboarding/lighting will not work correctly.
The tree Tree2 must use the Nature/Soft Occlusion shader. Otherwise billboarding/lighting will not work correctly.
 -> (artifact id: '62d926a7b0dfe757d57423f8c773c1fd') in 0.035600 seconds 
  Import took 0.037588 seconds .

========================================================================
Received Import Request.
  Time since last request: 0.000153 seconds.
  path: Assets/Terrains/TerrainData_a1b73cb8-1831-4884-a9bd-ac0366c46474.asset
  artifactKey: Guid(40093ed3b6c79254588a72fca9f5cdbb) Importer(815301076,1909f56bfc062723c751e8b465ee728b)
Start importing Assets/Terrains/TerrainData_a1b73cb8-1831-4884-a9bd-ac0366c46474.asset using Guid(40093ed3b6c79254588a72fca9f5cdbb) Importer(815301076,1909f56bfc062723c751e8b465ee728b) The tree Tree2 must use the Nature/Soft Occlusion shader. Otherwise billboarding/lighting will not work correctly.
The tree Tree2 must use the Nature/Soft Occlusion shader. Otherwise billboarding/lighting will not work correctly.
The tree Tree1 must use the Nature/Soft Occlusion shader. Otherwise billboarding/lighting will not work correctly.
The tree Tree1 must use the Nature/Soft Occlusion shader. Otherwise billboarding/lighting will not work correctly.
 -> (artifact id: '79f5a1db9b8fc0a44ae4c53b4b172587') in 0.029564 seconds 
  Import took 0.031499 seconds .

========================================================================
Received Import Request.
  Time since last request: 0.000199 seconds.
  path: Assets/Terrains/TerrainData_0c43f41d-3a95-4f75-8095-65cb72dccab3.asset
  artifactKey: Guid(dd4e7b52f57530f44aedc5914cd96539) Importer(815301076,1909f56bfc062723c751e8b465ee728b)
Start importing Assets/Terrains/TerrainData_0c43f41d-3a95-4f75-8095-65cb72dccab3.asset using Guid(dd4e7b52f57530f44aedc5914cd96539) Importer(815301076,1909f56bfc062723c751e8b465ee728b) The tree Tree1 must use the Nature/Soft Occlusion shader. Otherwise billboarding/lighting will not work correctly.
The tree Tree1 must use the Nature/Soft Occlusion shader. Otherwise billboarding/lighting will not work correctly.
The tree Tree2 must use the Nature/Soft Occlusion shader. Otherwise billboarding/lighting will not work correctly.
The tree Tree2 must use the Nature/Soft Occlusion shader. Otherwise billboarding/lighting will not work correctly.
 -> (artifact id: '3efaa92555267271abe223c6896d0bde') in 0.032517 seconds 
  Import took 0.034741 seconds .

========================================================================
Received Import Request.
  Time since last request: 0.000187 seconds.
  path: Assets/Terrains/TerrainData_4de55e90-e424-437f-8c57-3f68f98b12f4.asset
  artifactKey: Guid(6d1d4859c6fd0974787b7132d1bd7c9e) Importer(815301076,1909f56bfc062723c751e8b465ee728b)
Start importing Assets/Terrains/TerrainData_4de55e90-e424-437f-8c57-3f68f98b12f4.asset using Guid(6d1d4859c6fd0974787b7132d1bd7c9e) Importer(815301076,1909f56bfc062723c751e8b465ee728b)  -> (artifact id: '3ad6acbb2c7cad730c07a40e831707af') in 0.025663 seconds 
  Import took 0.027756 seconds .

========================================================================
Received Import Request.
  Time since last request: 0.000261 seconds.
  path: Assets/Terrains/TerrainData_ec22429d-7828-4e39-ad61-f195b8dd35c2.asset
  artifactKey: Guid(357c5a936ddf4234e9a89d7bde03ff98) Importer(815301076,1909f56bfc062723c751e8b465ee728b)
Start importing Assets/Terrains/TerrainData_ec22429d-7828-4e39-ad61-f195b8dd35c2.asset using Guid(357c5a936ddf4234e9a89d7bde03ff98) Importer(815301076,1909f56bfc062723c751e8b465ee728b) The tree Tree2 must use the Nature/Soft Occlusion shader. Otherwise billboarding/lighting will not work correctly.
The tree Tree2 must use the Nature/Soft Occlusion shader. Otherwise billboarding/lighting will not work correctly.
The tree Tree1 must use the Nature/Soft Occlusion shader. Otherwise billboarding/lighting will not work correctly.
The tree Tree1 must use the Nature/Soft Occlusion shader. Otherwise billboarding/lighting will not work correctly.
 -> (artifact id: '9e5bf27f359a2b90db62cf2f6175469f') in 0.026836 seconds 
  Import took 0.029056 seconds .

========================================================================
Received Import Request.
  Time since last request: 0.000169 seconds.
  path: Assets/Terrains/TerrainData_26fcf4b1-82a9-42c5-a849-66f0144e7ceb.asset
  artifactKey: Guid(c4baff1d5f0a95849aeeec0163f6f827) Importer(815301076,1909f56bfc062723c751e8b465ee728b)
Start importing Assets/Terrains/TerrainData_26fcf4b1-82a9-42c5-a849-66f0144e7ceb.asset using Guid(c4baff1d5f0a95849aeeec0163f6f827) Importer(815301076,1909f56bfc062723c751e8b465ee728b) The tree Tree2 must use the Nature/Soft Occlusion shader. Otherwise billboarding/lighting will not work correctly.
The tree Tree2 must use the Nature/Soft Occlusion shader. Otherwise billboarding/lighting will not work correctly.
The tree Tree1 must use the Nature/Soft Occlusion shader. Otherwise billboarding/lighting will not work correctly.
The tree Tree1 must use the Nature/Soft Occlusion shader. Otherwise billboarding/lighting will not work correctly.
 -> (artifact id: 'cb1feb17eb5d9cb6a7cc559184d1c29a') in 0.029903 seconds 
  Import took 0.032323 seconds .

========================================================================
Received Import Request.
  Time since last request: 0.000161 seconds.
  path: Assets/Terrains/TerrainData_f7d1bdba-8c99-4cc2-99cc-f69cfbe2502a.asset
  artifactKey: Guid(6ede06a49474dfa4a9a40d0236a96071) Importer(815301076,1909f56bfc062723c751e8b465ee728b)
Start importing Assets/Terrains/TerrainData_f7d1bdba-8c99-4cc2-99cc-f69cfbe2502a.asset using Guid(6ede06a49474dfa4a9a40d0236a96071) Importer(815301076,1909f56bfc062723c751e8b465ee728b)  -> (artifact id: 'fd980f4f960528f851fc55b2cf971927') in 0.025172 seconds 
  Import took 0.027006 seconds .

========================================================================
Received Import Request.
  Time since last request: 0.000210 seconds.
  path: Assets/Terrains/TerrainData_502b6cea-3b98-4a17-ba74-3ee94da43f2c.asset
  artifactKey: Guid(03bed33a7000ec04ea90850c5246edb3) Importer(815301076,1909f56bfc062723c751e8b465ee728b)
Start importing Assets/Terrains/TerrainData_502b6cea-3b98-4a17-ba74-3ee94da43f2c.asset using Guid(03bed33a7000ec04ea90850c5246edb3) Importer(815301076,1909f56bfc062723c751e8b465ee728b) The tree Tree1 must use the Nature/Soft Occlusion shader. Otherwise billboarding/lighting will not work correctly.
The tree Tree1 must use the Nature/Soft Occlusion shader. Otherwise billboarding/lighting will not work correctly.
 -> (artifact id: '365d48f2c67425bd663e767a42e231f4') in 0.025381 seconds 
  Import took 0.027372 seconds .

========================================================================
Received Import Request.
  Time since last request: 0.000209 seconds.
  path: Assets/Terrains/TerrainData_1261d66f-37a7-4bd5-a19b-d83e92349952.asset
  artifactKey: Guid(6ad9d48885706f0459ac0776c52b3c69) Importer(815301076,1909f56bfc062723c751e8b465ee728b)
Start importing Assets/Terrains/TerrainData_1261d66f-37a7-4bd5-a19b-d83e92349952.asset using Guid(6ad9d48885706f0459ac0776c52b3c69) Importer(815301076,1909f56bfc062723c751e8b465ee728b) The tree Tree2 must use the Nature/Soft Occlusion shader. Otherwise billboarding/lighting will not work correctly.
The tree Tree2 must use the Nature/Soft Occlusion shader. Otherwise billboarding/lighting will not work correctly.
 -> (artifact id: 'df61845a5aec523012d0e766cffb0e78') in 0.025573 seconds 
  Import took 0.027603 seconds .

========================================================================
Received Import Request.
  Time since last request: 0.000195 seconds.
  path: Assets/Terrains/TerrainData_28a6b9e9-b300-401f-84a8-dd32cafd8108.asset
  artifactKey: Guid(103ce30aea0c9284a81a3d056dbc9702) Importer(815301076,1909f56bfc062723c751e8b465ee728b)
Start importing Assets/Terrains/TerrainData_28a6b9e9-b300-401f-84a8-dd32cafd8108.asset using Guid(103ce30aea0c9284a81a3d056dbc9702) Importer(815301076,1909f56bfc062723c751e8b465ee728b)  -> (artifact id: '64167d2ba1e957f7c7c859c3cf334da0') in 0.022956 seconds 
  Import took 0.024960 seconds .

========================================================================
Received Import Request.
  Time since last request: 0.000300 seconds.
  path: Assets/Terrains/TerrainData_d43aebda-2734-48aa-80b6-1144a03431af.asset
  artifactKey: Guid(65c6b5eee53df0f449890251259a45bf) Importer(815301076,1909f56bfc062723c751e8b465ee728b)
Start importing Assets/Terrains/TerrainData_d43aebda-2734-48aa-80b6-1144a03431af.asset using Guid(65c6b5eee53df0f449890251259a45bf) Importer(815301076,1909f56bfc062723c751e8b465ee728b) The tree Tree2 must use the Nature/Soft Occlusion shader. Otherwise billboarding/lighting will not work correctly.
The tree Tree2 must use the Nature/Soft Occlusion shader. Otherwise billboarding/lighting will not work correctly.
The tree Tree1 must use the Nature/Soft Occlusion shader. Otherwise billboarding/lighting will not work correctly.
The tree Tree1 must use the Nature/Soft Occlusion shader. Otherwise billboarding/lighting will not work correctly.
 -> (artifact id: 'aad12a9a25196d1f355372fe70cfe5cd') in 0.026854 seconds 
  Import took 0.029114 seconds .

========================================================================
Received Import Request.
  Time since last request: 0.000219 seconds.
  path: Assets/Terrains/TerrainData_0286c4bd-83e9-4a49-818e-128d99325e80.asset
  artifactKey: Guid(9deb134269826a04ab5083f59061a927) Importer(815301076,1909f56bfc062723c751e8b465ee728b)
Start importing Assets/Terrains/TerrainData_0286c4bd-83e9-4a49-818e-128d99325e80.asset using Guid(9deb134269826a04ab5083f59061a927) Importer(815301076,1909f56bfc062723c751e8b465ee728b)  -> (artifact id: 'e7202338c75198dc5ff0c3ed3e60f088') in 0.029014 seconds 
  Import took 0.031080 seconds .

========================================================================
Received Import Request.
  Time since last request: 0.000181 seconds.
  path: Assets/Terrains/TerrainData_bc19d62e-9e7b-49c7-a978-cc1ad3a50043.asset
  artifactKey: Guid(369644744f0a5094da37f2d826feb899) Importer(815301076,1909f56bfc062723c751e8b465ee728b)
Start importing Assets/Terrains/TerrainData_bc19d62e-9e7b-49c7-a978-cc1ad3a50043.asset using Guid(369644744f0a5094da37f2d826feb899) Importer(815301076,1909f56bfc062723c751e8b465ee728b)  -> (artifact id: '4cd85fad994e3d70e75f5cf5ec2ad0c8') in 0.023695 seconds 
  Import took 0.025613 seconds .

========================================================================
Received Import Request.
  Time since last request: 0.000156 seconds.
  path: Assets/Terrains/TerrainData_ca7cd53e-a874-4c09-9fd9-96b42becb279.asset
  artifactKey: Guid(910186fbfa7b14f41a37aea297d43ffb) Importer(815301076,1909f56bfc062723c751e8b465ee728b)
Start importing Assets/Terrains/TerrainData_ca7cd53e-a874-4c09-9fd9-96b42becb279.asset using Guid(910186fbfa7b14f41a37aea297d43ffb) Importer(815301076,1909f56bfc062723c751e8b465ee728b)  -> (artifact id: '75ec746734a0750ef4200d37a30d468e') in 0.023464 seconds 
  Import took 0.025687 seconds .

========================================================================
Received Import Request.
  Time since last request: 0.000314 seconds.
  path: Assets/Terrains/TerrainData_3c14e88f-1f22-4106-b475-c1d63f6ea0f8.asset
  artifactKey: Guid(9ffc53463d925a34e99ab24881ff36f0) Importer(815301076,1909f56bfc062723c751e8b465ee728b)
Start importing Assets/Terrains/TerrainData_3c14e88f-1f22-4106-b475-c1d63f6ea0f8.asset using Guid(9ffc53463d925a34e99ab24881ff36f0) Importer(815301076,1909f56bfc062723c751e8b465ee728b) The tree Tree2 must use the Nature/Soft Occlusion shader. Otherwise billboarding/lighting will not work correctly.
The tree Tree2 must use the Nature/Soft Occlusion shader. Otherwise billboarding/lighting will not work correctly.
The tree Tree1 must use the Nature/Soft Occlusion shader. Otherwise billboarding/lighting will not work correctly.
The tree Tree1 must use the Nature/Soft Occlusion shader. Otherwise billboarding/lighting will not work correctly.
The tree Rock5 must use the Nature/Soft Occlusion shader. Otherwise billboarding/lighting will not work correctly.
The tree Rock1 must use the Nature/Soft Occlusion shader. Otherwise billboarding/lighting will not work correctly.
The tree Rock5 must use the Nature/Soft Occlusion shader. Otherwise billboarding/lighting will not work correctly.
The tree Rock3 must use the Nature/Soft Occlusion shader. Otherwise billboarding/lighting will not work correctly.
 -> (artifact id: 'b4b3e4ac6eb0b221e00b9568611c316c') in 0.028258 seconds 
  Import took 0.030287 seconds .

========================================================================
Received Import Request.
  Time since last request: 0.000141 seconds.
  path: Assets/Terrains/TerrainData_3a8277bf-df29-4af0-9c2f-0ffd840f8f91.asset
  artifactKey: Guid(2b2c54c68d52fba4582bf03d6832dfd9) Importer(815301076,1909f56bfc062723c751e8b465ee728b)
Start importing Assets/Terrains/TerrainData_3a8277bf-df29-4af0-9c2f-0ffd840f8f91.asset using Guid(2b2c54c68d52fba4582bf03d6832dfd9) Importer(815301076,1909f56bfc062723c751e8b465ee728b) The tree Tree2 must use the Nature/Soft Occlusion shader. Otherwise billboarding/lighting will not work correctly.
The tree Tree2 must use the Nature/Soft Occlusion shader. Otherwise billboarding/lighting will not work correctly.
The tree Tree1 must use the Nature/Soft Occlusion shader. Otherwise billboarding/lighting will not work correctly.
The tree Tree1 must use the Nature/Soft Occlusion shader. Otherwise billboarding/lighting will not work correctly.
 -> (artifact id: 'f1ca8a26206a67443e6b4add5b986c9f') in 0.028314 seconds 
  Import took 0.030309 seconds .

========================================================================
Received Import Request.
  Time since last request: 0.000171 seconds.
  path: Assets/Terrains/TerrainData_edc9857b-2a63-43ae-9e05-f8eafec125de.asset
  artifactKey: Guid(aa7ca8fa366ac7f479626895bfeb8b74) Importer(815301076,1909f56bfc062723c751e8b465ee728b)
Start importing Assets/Terrains/TerrainData_edc9857b-2a63-43ae-9e05-f8eafec125de.asset using Guid(aa7ca8fa366ac7f479626895bfeb8b74) Importer(815301076,1909f56bfc062723c751e8b465ee728b) The tree Tree2 must use the Nature/Soft Occlusion shader. Otherwise billboarding/lighting will not work correctly.
The tree Tree2 must use the Nature/Soft Occlusion shader. Otherwise billboarding/lighting will not work correctly.
The tree Tree1 must use the Nature/Soft Occlusion shader. Otherwise billboarding/lighting will not work correctly.
The tree Tree1 must use the Nature/Soft Occlusion shader. Otherwise billboarding/lighting will not work correctly.
 -> (artifact id: 'd90366a41b890a277ff5d731c391097a') in 0.026977 seconds 
  Import took 0.029364 seconds .

========================================================================
Received Import Request.
  Time since last request: 0.000216 seconds.
  path: Assets/Terrains/TerrainData_096cded7-1569-46a5-a35d-f148f647927b.asset
  artifactKey: Guid(f4ef2264e2eeb8e4caaab334b6386021) Importer(815301076,1909f56bfc062723c751e8b465ee728b)
Start importing Assets/Terrains/TerrainData_096cded7-1569-46a5-a35d-f148f647927b.asset using Guid(f4ef2264e2eeb8e4caaab334b6386021) Importer(815301076,1909f56bfc062723c751e8b465ee728b) The tree Tree2 must use the Nature/Soft Occlusion shader. Otherwise billboarding/lighting will not work correctly.
The tree Tree2 must use the Nature/Soft Occlusion shader. Otherwise billboarding/lighting will not work correctly.
The tree Tree1 must use the Nature/Soft Occlusion shader. Otherwise billboarding/lighting will not work correctly.
The tree Tree1 must use the Nature/Soft Occlusion shader. Otherwise billboarding/lighting will not work correctly.
 -> (artifact id: 'ea17739217584295d8c5cd309210f446') in 0.036080 seconds 
  Import took 0.038137 seconds .

========================================================================
Received Import Request.
  Time since last request: 0.000213 seconds.
  path: Assets/Terrains/TerrainData_7c18d137-10b8-42bb-bee9-1d5e4ea53238.asset
  artifactKey: Guid(46506f11e9a5f3a4abcbc6acbe6bf2c0) Importer(815301076,1909f56bfc062723c751e8b465ee728b)
Start importing Assets/Terrains/TerrainData_7c18d137-10b8-42bb-bee9-1d5e4ea53238.asset using Guid(46506f11e9a5f3a4abcbc6acbe6bf2c0) Importer(815301076,1909f56bfc062723c751e8b465ee728b) The tree Tree1 must use the Nature/Soft Occlusion shader. Otherwise billboarding/lighting will not work correctly.
The tree Tree1 must use the Nature/Soft Occlusion shader. Otherwise billboarding/lighting will not work correctly.
The tree Tree2 must use the Nature/Soft Occlusion shader. Otherwise billboarding/lighting will not work correctly.
The tree Tree2 must use the Nature/Soft Occlusion shader. Otherwise billboarding/lighting will not work correctly.
 -> (artifact id: '9d50a0d46eed44f17b119980f504e75a') in 0.029836 seconds 
  Import took 0.031823 seconds .

========================================================================
Received Import Request.
  Time since last request: 0.000228 seconds.
  path: Assets/Terrains/TerrainData_3345e494-3576-48b4-9864-2b1dde04f793.asset
  artifactKey: Guid(b95a88b52b322d64892b676fe99b36ef) Importer(815301076,1909f56bfc062723c751e8b465ee728b)
Start importing Assets/Terrains/TerrainData_3345e494-3576-48b4-9864-2b1dde04f793.asset using Guid(b95a88b52b322d64892b676fe99b36ef) Importer(815301076,1909f56bfc062723c751e8b465ee728b) The tree Tree2 must use the Nature/Soft Occlusion shader. Otherwise billboarding/lighting will not work correctly.
The tree Tree2 must use the Nature/Soft Occlusion shader. Otherwise billboarding/lighting will not work correctly.
The tree Tree1 must use the Nature/Soft Occlusion shader. Otherwise billboarding/lighting will not work correctly.
The tree Tree1 must use the Nature/Soft Occlusion shader. Otherwise billboarding/lighting will not work correctly.
 -> (artifact id: 'aa7b0648ef7a95e78b16055499d63b38') in 0.026558 seconds 
  Import took 0.028756 seconds .

========================================================================
Received Import Request.
  Time since last request: 0.000328 seconds.
  path: Assets/Terrains/TerrainData_a1e06bf1-1c23-4f0e-8b24-2f3011be92c4.asset
  artifactKey: Guid(deddd0f5ccc3b084bbad857b9adc2fe0) Importer(815301076,1909f56bfc062723c751e8b465ee728b)
Start importing Assets/Terrains/TerrainData_a1e06bf1-1c23-4f0e-8b24-2f3011be92c4.asset using Guid(deddd0f5ccc3b084bbad857b9adc2fe0) Importer(815301076,1909f56bfc062723c751e8b465ee728b)  -> (artifact id: 'e7ef127be3f0691fd1adf7f742707f9d') in 0.032608 seconds 
  Import took 0.034577 seconds .

========================================================================
Received Import Request.
  Time since last request: 0.000165 seconds.
  path: Assets/Terrains/TerrainData_aef9b936-0923-4833-85c4-eff6a6a9e2e3.asset
  artifactKey: Guid(69746d5813ca73e438dcebaa45d29933) Importer(815301076,1909f56bfc062723c751e8b465ee728b)
Start importing Assets/Terrains/TerrainData_aef9b936-0923-4833-85c4-eff6a6a9e2e3.asset using Guid(69746d5813ca73e438dcebaa45d29933) Importer(815301076,1909f56bfc062723c751e8b465ee728b) The tree Tree1 must use the Nature/Soft Occlusion shader. Otherwise billboarding/lighting will not work correctly.
The tree Tree1 must use the Nature/Soft Occlusion shader. Otherwise billboarding/lighting will not work correctly.
 -> (artifact id: '6f46166fae78eb8fa7eb6e7d3249ddf4') in 0.026210 seconds 
  Import took 0.028231 seconds .

========================================================================
Received Import Request.
  Time since last request: 0.000219 seconds.
  path: Assets/Terrains/TerrainData_a8b3401a-0612-4acd-8865-7a7dc9d8d81c.asset
  artifactKey: Guid(e1dc6417b92aec24a95b299e1f9e1c74) Importer(815301076,1909f56bfc062723c751e8b465ee728b)
Start importing Assets/Terrains/TerrainData_a8b3401a-0612-4acd-8865-7a7dc9d8d81c.asset using Guid(e1dc6417b92aec24a95b299e1f9e1c74) Importer(815301076,1909f56bfc062723c751e8b465ee728b)  -> (artifact id: '9eb3d7caa25d556df2c535a0d711674d') in 0.024650 seconds 
  Import took 0.026767 seconds .

========================================================================
Received Import Request.
  Time since last request: 0.000155 seconds.
  path: Assets/Terrains/TerrainData_7d25ce8f-7c20-4d2b-83eb-e18450a1be34.asset
  artifactKey: Guid(c5b3f9edf035bdd4ca1900624e5a1c5e) Importer(815301076,1909f56bfc062723c751e8b465ee728b)
Start importing Assets/Terrains/TerrainData_7d25ce8f-7c20-4d2b-83eb-e18450a1be34.asset using Guid(c5b3f9edf035bdd4ca1900624e5a1c5e) Importer(815301076,1909f56bfc062723c751e8b465ee728b)  -> (artifact id: '06c0478f367cc4f16d97074a3612f016') in 0.025993 seconds 
  Import took 0.027938 seconds .

========================================================================
Received Import Request.
  Time since last request: 0.000215 seconds.
  path: Assets/Terrains/TerrainData_6e0e8f18-6b56-4391-b9aa-6a1bea50c706.asset
  artifactKey: Guid(c41400540e0844744bb6d103dc161b3b) Importer(815301076,1909f56bfc062723c751e8b465ee728b)
Start importing Assets/Terrains/TerrainData_6e0e8f18-6b56-4391-b9aa-6a1bea50c706.asset using Guid(c41400540e0844744bb6d103dc161b3b) Importer(815301076,1909f56bfc062723c751e8b465ee728b) The tree Tree2 must use the Nature/Soft Occlusion shader. Otherwise billboarding/lighting will not work correctly.
The tree Tree2 must use the Nature/Soft Occlusion shader. Otherwise billboarding/lighting will not work correctly.
The tree Tree1 must use the Nature/Soft Occlusion shader. Otherwise billboarding/lighting will not work correctly.
The tree Tree1 must use the Nature/Soft Occlusion shader. Otherwise billboarding/lighting will not work correctly.
 -> (artifact id: '4bd68b93f67fc10815468e1abefe2503') in 0.029978 seconds 
  Import took 0.032128 seconds .

========================================================================
Received Import Request.
  Time since last request: 0.000180 seconds.
  path: Assets/Terrains/TerrainData_e3bf734d-dcd2-4344-b7ad-24396ec89692.asset
  artifactKey: Guid(977c52564b8a6a74f9050047e2059be5) Importer(815301076,1909f56bfc062723c751e8b465ee728b)
Start importing Assets/Terrains/TerrainData_e3bf734d-dcd2-4344-b7ad-24396ec89692.asset using Guid(977c52564b8a6a74f9050047e2059be5) Importer(815301076,1909f56bfc062723c751e8b465ee728b) The tree Tree2 must use the Nature/Soft Occlusion shader. Otherwise billboarding/lighting will not work correctly.
The tree Tree2 must use the Nature/Soft Occlusion shader. Otherwise billboarding/lighting will not work correctly.
The tree Tree1 must use the Nature/Soft Occlusion shader. Otherwise billboarding/lighting will not work correctly.
The tree Tree1 must use the Nature/Soft Occlusion shader. Otherwise billboarding/lighting will not work correctly.
 -> (artifact id: '27620ba7383eb61524ece95a887d89f6') in 0.035994 seconds 
  Import took 0.038179 seconds .

========================================================================
Received Import Request.
  Time since last request: 0.000239 seconds.
  path: Assets/Terrains/TerrainData_73cbb1a9-b27d-4193-a297-be1e36eeebc1.asset
  artifactKey: Guid(c1535252df98b2348882914843232db9) Importer(815301076,1909f56bfc062723c751e8b465ee728b)
Start importing Assets/Terrains/TerrainData_73cbb1a9-b27d-4193-a297-be1e36eeebc1.asset using Guid(c1535252df98b2348882914843232db9) Importer(815301076,1909f56bfc062723c751e8b465ee728b)  -> (artifact id: 'ace76a1e27da6b27f64b1a38a513bc85') in 0.024050 seconds 
  Import took 0.026326 seconds .

========================================================================
Received Import Request.
  Time since last request: 0.000334 seconds.
  path: Assets/Terrains/TerrainData_bc3f26dc-b2ee-47af-baaf-fc102accdc95.asset
  artifactKey: Guid(91804a521bf6fed4ab110708d3438de6) Importer(815301076,1909f56bfc062723c751e8b465ee728b)
Start importing Assets/Terrains/TerrainData_bc3f26dc-b2ee-47af-baaf-fc102accdc95.asset using Guid(91804a521bf6fed4ab110708d3438de6) Importer(815301076,1909f56bfc062723c751e8b465ee728b) The tree Tree2 must use the Nature/Soft Occlusion shader. Otherwise billboarding/lighting will not work correctly.
The tree Tree2 must use the Nature/Soft Occlusion shader. Otherwise billboarding/lighting will not work correctly.
The tree Tree1 must use the Nature/Soft Occlusion shader. Otherwise billboarding/lighting will not work correctly.
The tree Tree1 must use the Nature/Soft Occlusion shader. Otherwise billboarding/lighting will not work correctly.
 -> (artifact id: 'b72c9872d797d7c3f97057ad5508343c') in 0.032986 seconds 
  Import took 0.035609 seconds .

========================================================================
Received Import Request.
  Time since last request: 0.000179 seconds.
  path: Assets/Terrains/TerrainData_063b3e4d-6fcb-4ed5-860a-8b2a5303cca5.asset
  artifactKey: Guid(76edbaba1db25bb48b4b12173174d035) Importer(815301076,1909f56bfc062723c751e8b465ee728b)
Start importing Assets/Terrains/TerrainData_063b3e4d-6fcb-4ed5-860a-8b2a5303cca5.asset using Guid(76edbaba1db25bb48b4b12173174d035) Importer(815301076,1909f56bfc062723c751e8b465ee728b) The tree Tree2 must use the Nature/Soft Occlusion shader. Otherwise billboarding/lighting will not work correctly.
The tree Tree2 must use the Nature/Soft Occlusion shader. Otherwise billboarding/lighting will not work correctly.
 -> (artifact id: '61a223401bd4a20731570a9d118f268e') in 0.026331 seconds 
  Import took 0.028732 seconds .

========================================================================
Received Import Request.
  Time since last request: 0.000177 seconds.
  path: Assets/Terrains/TerrainData_cd77896d-b8dc-4997-b6e6-447f208d5b1d.asset
  artifactKey: Guid(bd5eebd089168864a81e1b61ff583829) Importer(815301076,1909f56bfc062723c751e8b465ee728b)
Start importing Assets/Terrains/TerrainData_cd77896d-b8dc-4997-b6e6-447f208d5b1d.asset using Guid(bd5eebd089168864a81e1b61ff583829) Importer(815301076,1909f56bfc062723c751e8b465ee728b)  -> (artifact id: '42ce1bdb8d8161b471fcd7cc0d687fe5') in 0.024029 seconds 
  Import took 0.025950 seconds .

========================================================================
Received Import Request.
  Time since last request: 0.000206 seconds.
  path: Assets/Terrains/TerrainData_f41769ce-0722-4ae3-ae75-d1c0f3687593.asset
  artifactKey: Guid(3fe35a05dd8fbc046a8422792a11f58e) Importer(815301076,1909f56bfc062723c751e8b465ee728b)
Start importing Assets/Terrains/TerrainData_f41769ce-0722-4ae3-ae75-d1c0f3687593.asset using Guid(3fe35a05dd8fbc046a8422792a11f58e) Importer(815301076,1909f56bfc062723c751e8b465ee728b) The tree Tree1 must use the Nature/Soft Occlusion shader. Otherwise billboarding/lighting will not work correctly.
The tree Tree1 must use the Nature/Soft Occlusion shader. Otherwise billboarding/lighting will not work correctly.
The tree Tree2 must use the Nature/Soft Occlusion shader. Otherwise billboarding/lighting will not work correctly.
The tree Tree2 must use the Nature/Soft Occlusion shader. Otherwise billboarding/lighting will not work correctly.
 -> (artifact id: '1c304b89a468949ca00a0600b017fee4') in 0.029076 seconds 
  Import took 0.031209 seconds .

========================================================================
Received Import Request.
  Time since last request: 0.000183 seconds.
  path: Assets/Terrains/TerrainData_8a433306-29f5-4809-9508-b77b4cd19faf.asset
  artifactKey: Guid(fc760e21a462f9843b459aad60f6a8de) Importer(815301076,1909f56bfc062723c751e8b465ee728b)
Start importing Assets/Terrains/TerrainData_8a433306-29f5-4809-9508-b77b4cd19faf.asset using Guid(fc760e21a462f9843b459aad60f6a8de) Importer(815301076,1909f56bfc062723c751e8b465ee728b) The tree Tree2 must use the Nature/Soft Occlusion shader. Otherwise billboarding/lighting will not work correctly.
The tree Tree2 must use the Nature/Soft Occlusion shader. Otherwise billboarding/lighting will not work correctly.
The tree Tree1 must use the Nature/Soft Occlusion shader. Otherwise billboarding/lighting will not work correctly.
The tree Tree1 must use the Nature/Soft Occlusion shader. Otherwise billboarding/lighting will not work correctly.
 -> (artifact id: '1389a838473515b0de5793b99ae4d7ee') in 0.026661 seconds 
  Import took 0.028733 seconds .

========================================================================
Received Import Request.
  Time since last request: 0.000200 seconds.
  path: Assets/Terrains/TerrainData_c78ad96d-2d27-416a-8be4-dec835f21079.asset
  artifactKey: Guid(dff5f2e84539f32429818270ae40b543) Importer(815301076,1909f56bfc062723c751e8b465ee728b)
Start importing Assets/Terrains/TerrainData_c78ad96d-2d27-416a-8be4-dec835f21079.asset using Guid(dff5f2e84539f32429818270ae40b543) Importer(815301076,1909f56bfc062723c751e8b465ee728b) The tree Tree2 must use the Nature/Soft Occlusion shader. Otherwise billboarding/lighting will not work correctly.
The tree Tree2 must use the Nature/Soft Occlusion shader. Otherwise billboarding/lighting will not work correctly.
The tree Tree1 must use the Nature/Soft Occlusion shader. Otherwise billboarding/lighting will not work correctly.
The tree Tree1 must use the Nature/Soft Occlusion shader. Otherwise billboarding/lighting will not work correctly.
 -> (artifact id: 'f356aa24a00bebb870ac6ac91a8c9565') in 0.035399 seconds 
  Import took 0.037488 seconds .

========================================================================
Received Import Request.
  Time since last request: 0.000169 seconds.
  path: Assets/Terrains/TerrainData_d2161008-479b-48fd-9a68-f8ddbd747bc5.asset
  artifactKey: Guid(f460efa38700eca4695a992840f7c018) Importer(815301076,1909f56bfc062723c751e8b465ee728b)
Start importing Assets/Terrains/TerrainData_d2161008-479b-48fd-9a68-f8ddbd747bc5.asset using Guid(f460efa38700eca4695a992840f7c018) Importer(815301076,1909f56bfc062723c751e8b465ee728b)  -> (artifact id: '4d73a889a0151e3ccbe0ac2f1207e1c1') in 0.023755 seconds 
  Import took 0.025642 seconds .

========================================================================
Received Import Request.
  Time since last request: 0.000211 seconds.
  path: Assets/Terrains/TerrainData_cde2008c-5f63-4102-9d82-834799ea3d8e.asset
  artifactKey: Guid(7cf5b76f25d5f544c83d4e43eaf79056) Importer(815301076,1909f56bfc062723c751e8b465ee728b)
Start importing Assets/Terrains/TerrainData_cde2008c-5f63-4102-9d82-834799ea3d8e.asset using Guid(7cf5b76f25d5f544c83d4e43eaf79056) Importer(815301076,1909f56bfc062723c751e8b465ee728b)  -> (artifact id: '86c208ebce0b7fa2f237c7a22aaebda5') in 0.031954 seconds 
  Import took 0.033806 seconds .

========================================================================
Received Import Request.
  Time since last request: 0.000151 seconds.
  path: Assets/Terrains/TerrainData_1ce44895-fe83-41e6-8c10-870fb3e14bfc.asset
  artifactKey: Guid(7ae02caade9b80a4a8b9b6c473b60ff0) Importer(815301076,1909f56bfc062723c751e8b465ee728b)
Start importing Assets/Terrains/TerrainData_1ce44895-fe83-41e6-8c10-870fb3e14bfc.asset using Guid(7ae02caade9b80a4a8b9b6c473b60ff0) Importer(815301076,1909f56bfc062723c751e8b465ee728b) The tree Tree2 must use the Nature/Soft Occlusion shader. Otherwise billboarding/lighting will not work correctly.
The tree Tree2 must use the Nature/Soft Occlusion shader. Otherwise billboarding/lighting will not work correctly.
The tree Tree1 must use the Nature/Soft Occlusion shader. Otherwise billboarding/lighting will not work correctly.
The tree Tree1 must use the Nature/Soft Occlusion shader. Otherwise billboarding/lighting will not work correctly.
 -> (artifact id: 'b41bb39723652fa371fcb4106b3c4a98') in 0.026619 seconds 
  Import took 0.028616 seconds .

========================================================================
Received Import Request.
  Time since last request: 0.000358 seconds.
  path: Assets/Terrains/TerrainData_7374cd95-8b25-4ee0-acc1-fca35e19ed06.asset
  artifactKey: Guid(1e4ac0abdbbce254ca66e1858dc6d452) Importer(815301076,1909f56bfc062723c751e8b465ee728b)
Start importing Assets/Terrains/TerrainData_7374cd95-8b25-4ee0-acc1-fca35e19ed06.asset using Guid(1e4ac0abdbbce254ca66e1858dc6d452) Importer(815301076,1909f56bfc062723c751e8b465ee728b) The tree Tree1 must use the Nature/Soft Occlusion shader. Otherwise billboarding/lighting will not work correctly.
The tree Tree1 must use the Nature/Soft Occlusion shader. Otherwise billboarding/lighting will not work correctly.
The tree Tree2 must use the Nature/Soft Occlusion shader. Otherwise billboarding/lighting will not work correctly.
The tree Tree2 must use the Nature/Soft Occlusion shader. Otherwise billboarding/lighting will not work correctly.
 -> (artifact id: '4bb5bdeff1e25cee8eaf9406bd90e405') in 0.030794 seconds 
  Import took 0.033273 seconds .

========================================================================
Received Import Request.
  Time since last request: 0.000276 seconds.
  path: Assets/Terrains/TerrainData_7789d774-efde-46ad-9bd0-6674069e3797.asset
  artifactKey: Guid(000517094d172364590c60a39b1edabc) Importer(815301076,1909f56bfc062723c751e8b465ee728b)
Start importing Assets/Terrains/TerrainData_7789d774-efde-46ad-9bd0-6674069e3797.asset using Guid(000517094d172364590c60a39b1edabc) Importer(815301076,1909f56bfc062723c751e8b465ee728b) The tree Tree2 must use the Nature/Soft Occlusion shader. Otherwise billboarding/lighting will not work correctly.
The tree Tree2 must use the Nature/Soft Occlusion shader. Otherwise billboarding/lighting will not work correctly.
The tree Tree1 must use the Nature/Soft Occlusion shader. Otherwise billboarding/lighting will not work correctly.
The tree Tree1 must use the Nature/Soft Occlusion shader. Otherwise billboarding/lighting will not work correctly.
The tree Rock5 must use the Nature/Soft Occlusion shader. Otherwise billboarding/lighting will not work correctly.
The tree Rock1 must use the Nature/Soft Occlusion shader. Otherwise billboarding/lighting will not work correctly.
The tree Rock5 must use the Nature/Soft Occlusion shader. Otherwise billboarding/lighting will not work correctly.
The tree Rock3 must use the Nature/Soft Occlusion shader. Otherwise billboarding/lighting will not work correctly.
 -> (artifact id: 'ebe4744899ee45594006f830c88d16ef') in 0.028120 seconds 
  Import took 0.030620 seconds .

========================================================================
Received Import Request.
  Time since last request: 0.000498 seconds.
  path: Assets/Terrains/TerrainData_2a72d5a3-c94e-4fdc-9c6a-5463cf3ab877.asset
  artifactKey: Guid(9ef2d0586bee26d44b22e1fac4a7280e) Importer(815301076,1909f56bfc062723c751e8b465ee728b)
Start importing Assets/Terrains/TerrainData_2a72d5a3-c94e-4fdc-9c6a-5463cf3ab877.asset using Guid(9ef2d0586bee26d44b22e1fac4a7280e) Importer(815301076,1909f56bfc062723c751e8b465ee728b) The tree Tree2 must use the Nature/Soft Occlusion shader. Otherwise billboarding/lighting will not work correctly.
The tree Tree2 must use the Nature/Soft Occlusion shader. Otherwise billboarding/lighting will not work correctly.
The tree Tree1 must use the Nature/Soft Occlusion shader. Otherwise billboarding/lighting will not work correctly.
The tree Tree1 must use the Nature/Soft Occlusion shader. Otherwise billboarding/lighting will not work correctly.
 -> (artifact id: '344c422b2cee7e7b83043ffec0ad39bc') in 0.026267 seconds 
  Import took 0.028823 seconds .

========================================================================
Received Import Request.
  Time since last request: 0.000167 seconds.
  path: Assets/Terrains/TerrainData_a623f4a3-1b76-4c78-b9cd-258ff6692d3f.asset
  artifactKey: Guid(88aec2e8fd252d244977f59fe059ca4d) Importer(815301076,1909f56bfc062723c751e8b465ee728b)
Start importing Assets/Terrains/TerrainData_a623f4a3-1b76-4c78-b9cd-258ff6692d3f.asset using Guid(88aec2e8fd252d244977f59fe059ca4d) Importer(815301076,1909f56bfc062723c751e8b465ee728b)  -> (artifact id: '0f7147e372c6fa64d58fdc363730cf33') in 0.025871 seconds 
  Import took 0.028098 seconds .

========================================================================
Received Import Request.
  Time since last request: 0.000187 seconds.
  path: Assets/Terrains/TerrainData_9024f781-4563-427e-b758-48b96721716f.asset
  artifactKey: Guid(a536288f3b53f2040ae8bb07f2419d76) Importer(815301076,1909f56bfc062723c751e8b465ee728b)
Start importing Assets/Terrains/TerrainData_9024f781-4563-427e-b758-48b96721716f.asset using Guid(a536288f3b53f2040ae8bb07f2419d76) Importer(815301076,1909f56bfc062723c751e8b465ee728b) The tree RHEF_SpruceA couldn't be instanced because the prefab contains no valid mesh renderer.
The tree RHEF_SpruceA couldn't be instanced because the prefab contains no valid mesh renderer.
The tree Tree couldn't be instanced because the prefab contains no valid mesh renderer.
Tree prefab at index 3 is missing.
The tree Tree1 must use the Nature/Soft Occlusion shader. Otherwise billboarding/lighting will not work correctly.
The tree Tree1 must use the Nature/Soft Occlusion shader. Otherwise billboarding/lighting will not work correctly.
The tree Tree2 must use the Nature/Soft Occlusion shader. Otherwise billboarding/lighting will not work correctly.
The tree Tree2 must use the Nature/Soft Occlusion shader. Otherwise billboarding/lighting will not work correctly.
The tree TreeYellow3 must use the Nature/Soft Occlusion shader. Otherwise billboarding/lighting will not work correctly.
The tree TreeYellow3 must use the Nature/Soft Occlusion shader. Otherwise billboarding/lighting will not work correctly.
The tree TreeYellow3 must use the Nature/Soft Occlusion shader. Otherwise billboarding/lighting will not work correctly.
The tree Rock5 must use the Nature/Soft Occlusion shader. Otherwise billboarding/lighting will not work correctly.
The tree Rock1 must use the Nature/Soft Occlusion shader. Otherwise billboarding/lighting will not work correctly.
The tree Rock5 must use the Nature/Soft Occlusion shader. Otherwise billboarding/lighting will not work correctly.
The tree Rock3 must use the Nature/Soft Occlusion shader. Otherwise billboarding/lighting will not work correctly.
 -> (artifact id: '43ea0c429bdd427eeb7378dd1c741a28') in 0.038748 seconds 
  Import took 0.041015 seconds .

========================================================================
Received Import Request.
  Time since last request: 12.186962 seconds.
  path: Assets/01_Scenes/Stage1.unity
  artifactKey: Guid(4ab7b6ae1164ae448bde7e9c635e16b8) Importer(815301076,1909f56bfc062723c751e8b465ee728b)
Start importing Assets/01_Scenes/Stage1.unity using Guid(4ab7b6ae1164ae448bde7e9c635e16b8) Importer(815301076,1909f56bfc062723c751e8b465ee728b)  -> (artifact id: '72d473c43c7d457f669a88715e584412') in 0.012322 seconds 
  Import took 0.292572 seconds .

========================================================================
Received Import Request.
  Time since last request: 12.346231 seconds.
  path: Assets/01_Scenes/Stage2.unity
  artifactKey: Guid(508f42b5cfb4493479572b81438042c6) Importer(815301076,1909f56bfc062723c751e8b465ee728b)
Start importing Assets/01_Scenes/Stage2.unity using Guid(508f42b5cfb4493479572b81438042c6) Importer(815301076,1909f56bfc062723c751e8b465ee728b)  -> (artifact id: 'd7433bfbea73aa66db6832f0d2168ca3') in 0.015160 seconds 
  Import took 0.017150 seconds .

========================================================================
Received Import Request.
  Time since last request: 17.904595 seconds.
  path: Assets/01_Scenes/Stage3.unity
  artifactKey: Guid(15b2fa2a559af994fb70f3220f85d865) Importer(815301076,1909f56bfc062723c751e8b465ee728b)
Start importing Assets/01_Scenes/Stage3.unity using Guid(15b2fa2a559af994fb70f3220f85d865) Importer(815301076,1909f56bfc062723c751e8b465ee728b)  -> (artifact id: 'b9947425dd340ad32d899b65615e3661') in 0.030738 seconds 
  Import took 0.032575 seconds .

========================================================================
Received Import Request.
  Time since last request: 12.847217 seconds.
  path: Assets/01_Scenes/Tutorial.unity
  artifactKey: Guid(5d318fe6e74038f4a9336eb5e736efaf) Importer(815301076,1909f56bfc062723c751e8b465ee728b)
Start importing Assets/01_Scenes/Tutorial.unity using Guid(5d318fe6e74038f4a9336eb5e736efaf) Importer(815301076,1909f56bfc062723c751e8b465ee728b)  -> (artifact id: '2248963944eae3d63e83439edc35ea74') in 0.011564 seconds 
  Import took 0.013382 seconds .

========================================================================
Received Import Request.
  Time since last request: 90.818686 seconds.
  path: Assets/Scenes/SampleScene.unity
  artifactKey: Guid(9fc0d4010bbf28b4594072e72b8655ab) Importer(815301076,1909f56bfc062723c751e8b465ee728b)
Start importing Assets/Scenes/SampleScene.unity using Guid(9fc0d4010bbf28b4594072e72b8655ab) Importer(815301076,1909f56bfc062723c751e8b465ee728b)  -> (artifact id: '85059f4f9e1a832ed95adaa0d25c5c4c') in 0.012595 seconds 
  Import took 0.015109 seconds .

========================================================================
Received Import Request.
  Time since last request: 635.992270 seconds.
  path: Assets/Scenes
  artifactKey: Guid(38624e9d8bccc784da5412dae87804ed) Importer(815301076,1909f56bfc062723c751e8b465ee728b)
Start importing Assets/Scenes using Guid(38624e9d8bccc784da5412dae87804ed) Importer(815301076,1909f56bfc062723c751e8b465ee728b)  -> (artifact id: 'fcf9ecc154482d0c9466e86b1cb69dba') in 0.010770 seconds 
  Import took 0.013182 seconds .

========================================================================
Received Import Request.
  Time since last request: 2.180562 seconds.
  path: Assets/Scripts
  artifactKey: Guid(0ba3958bc6733ec40a29e455ac745dd3) Importer(815301076,1909f56bfc062723c751e8b465ee728b)
Start importing Assets/Scripts using Guid(0ba3958bc6733ec40a29e455ac745dd3) Importer(815301076,1909f56bfc062723c751e8b465ee728b)  -> (artifact id: '85f76f2e03635a14714f070fa8868e23') in 0.011215 seconds 
  Import took 0.013038 seconds .

========================================================================
Received Import Request.
  Time since last request: 1.290794 seconds.
  path: Assets/Scripts/PlayerController.cs
  artifactKey: Guid(b941df86ad1bdbd4e9122a5fc30e5fca) Importer(815301076,1909f56bfc062723c751e8b465ee728b)
Start importing Assets/Scripts/PlayerController.cs using Guid(b941df86ad1bdbd4e9122a5fc30e5fca) Importer(815301076,1909f56bfc062723c751e8b465ee728b)  -> (artifact id: 'bae284942a2dd3ffdbb8fc078d98aaaa') in 0.018236 seconds 
  Import took 0.020168 seconds .

========================================================================
Received Prepare
Registering precompiled user dll's ...
Registered in 0.005943 seconds.
Begin MonoManager ReloadAssembly
Native extension for WindowsStandalone target not found
Refreshing native plugins compatible for Editor in 0.91 ms, found 2 plugins.
Preloading 0 native plugins for Editor in 0.00 ms.
Mono: successfully reloaded assembly
- Completed reload, in  0.775 seconds
Domain Reload Profiling:
	ReloadAssembly (775ms)
		BeginReloadAssembly (110ms)
			ExecutionOrderSort (0ms)
			DisableScriptedObjects (3ms)
			BackupInstance (0ms)
			ReleaseScriptingObjects (0ms)
			CreateAndSetChildDomain (27ms)
		EndReloadAssembly (622ms)
			LoadAssemblies (84ms)
			RebuildTransferFunctionScriptingTraits (0ms)
			SetupTypeCache (199ms)
			ReleaseScriptCaches (1ms)
			RebuildScriptCaches (26ms)
			SetupLoadedEditorAssemblies (223ms)
				LogAssemblyErrors (0ms)
				InitializePlatformSupportModulesInManaged (5ms)
				SetLoadedEditorAssemblies (0ms)
				RefreshPlugins (1ms)
				BeforeProcessingInitializeOnLoad (61ms)
				ProcessInitializeOnLoadAttributes (148ms)
				ProcessInitializeOnLoadMethodAttributes (6ms)
				AfterProcessingInitializeOnLoad (2ms)
				EditorAssembliesLoaded (0ms)
			ExecutionOrderSort2 (0ms)
			AwakeInstancesAfterBackupRestoration (4ms)
Platform modules already initialized, skipping
Refreshing native plugins compatible for Editor in 0.49 ms, found 2 plugins.
Preloading 0 native plugins for Editor in 0.00 ms.
Unloading 1507 Unused Serialized files (Serialized files now loaded: 0)
System memory in use before: 73.7 MB.
System memory in use after: 73.3 MB.

Unloading 18 unused Assets to reduce memory usage. Loaded Objects now: 1957.
Total: 2.079800 ms (FindLiveObjects: 0.097500 ms CreateObjectMapping: 0.030000 ms MarkObjects: 1.686600 ms  DeleteObjects: 0.264900 ms)

AssetImportParameters requested are different than current active one (requested -> active):
  custom:framework-win-MediaFoundation: 216162199b28c13a410421893ffa2e32 -> 
  custom:video-decoder-ogg-theora: a1e56fd34408186e4bbccfd4996cb3dc -> 
  custom:container-muxer-webm: aa71ff27fc2769a1b78a27578f13a17b -> 
  custom:container-demuxer-webm: 4f35f7cbe854078d1ac9338744f61a02 -> 
  custom:container-demuxer-ogg: 62fdf1f143b41e24485cea50d1cbac27 -> 
  custom:video-encoder-webm-vp8: eb34c28f22e8b96e1ab97ce403110664 -> 
  custom:video-decoder-webm-vp8: 9c59270c3fd7afecdb556c50c9e8de78 -> 
  custom:audio-decoder-ogg-vorbis: bf7c407c2cedff20999df2af8eb42d56 -> 
  custom:audio-encoder-webm-vorbis: bf7c407c2cedff20999df2af8eb42d56 -> 
========================================================================
Received Import Request.
  Time since last request: 40.210427 seconds.
  path: Assets/Player/Prefabs
  artifactKey: Guid(560f34e9f5028c34ebf7c22660065cb0) Importer(815301076,1909f56bfc062723c751e8b465ee728b)
Start importing Assets/Player/Prefabs using Guid(560f34e9f5028c34ebf7c22660065cb0) Importer(815301076,1909f56bfc062723c751e8b465ee728b)  -> (artifact id: '199a14b6051d16d9f8927c42fedb0ede') in 0.040423 seconds 
  Import took 0.042507 seconds .

========================================================================
Received Import Request.
  Time since last request: 0.048362 seconds.
  path: Assets/Player/Prefabs/Player.prefab
  artifactKey: Guid(4f4891e3c3ff6754eb2a189c0b0e42a5) Importer(815301076,1909f56bfc062723c751e8b465ee728b)
Start importing Assets/Player/Prefabs/Player.prefab using Guid(4f4891e3c3ff6754eb2a189c0b0e42a5) Importer(815301076,1909f56bfc062723c751e8b465ee728b) Asset 'PlayerController': Transition 'AnyState -> Paring 0' in state 'AnyState' doesn't have an Exit Time or any condition, transition will be ignored
UnityEngine.StackTraceUtility:ExtractStackTrace ()
UnityEditor.EditorUtility:Internal_InstantiateRemoveAllNonAnimationComponentsSingle (UnityEngine.Object,UnityEngine.Vector3,UnityEngine.Quaternion)
UnityEditor.EditorUtility:InstantiateRemoveAllNonAnimationComponents (UnityEngine.Object,UnityEngine.Vector3,UnityEngine.Quaternion)
UnityEditor.EditorUtility:InstantiateForAnimatorPreview (UnityEngine.Object)
UnityEditor.GameObjectInspector/PreviewData:UpdateGameObject (UnityEngine.Object)
UnityEditor.GameObjectInspector/PreviewData:.ctor (UnityEngine.Object)
UnityEditor.GameObjectInspector:GetPreviewData ()
UnityEditor.GameObjectInspector:RenderStaticPreview (string,UnityEngine.Object[],int,int)
UnityEditor.AssetPreviewUpdater:CreatePreviewForAsset (UnityEngine.Object,UnityEngine.Object[],string)

[C:\buildslave\unity\build\Editor/Src/Animation/StateMachine.cpp line 1847]

 -> (artifact id: '3af1b3f9d9cdd850a1556cd7a02e17ea') in 0.171126 seconds 
  Import took 0.175265 seconds .

========================================================================
Received Import Request.
  Time since last request: 0.000366 seconds.
  path: Assets/Player/Prefabs/rangeSkill Effect.prefab
  artifactKey: Guid(63002704774cad84685289b93488508e) Importer(815301076,1909f56bfc062723c751e8b465ee728b)
Start importing Assets/Player/Prefabs/rangeSkill Effect.prefab using Guid(63002704774cad84685289b93488508e) Importer(815301076,1909f56bfc062723c751e8b465ee728b)  -> (artifact id: '9d1d8f51203d5884416153eb90357e7a') in 0.253237 seconds 
  Import took 0.255389 seconds .

========================================================================
Received Import Request.
  Time since last request: 38.662435 seconds.
  path: Assets/Player/Scripts
  artifactKey: Guid(29d6fb2c4b6ccb64caec88312ad3cd3d) Importer(815301076,1909f56bfc062723c751e8b465ee728b)
Start importing Assets/Player/Scripts using Guid(29d6fb2c4b6ccb64caec88312ad3cd3d) Importer(815301076,1909f56bfc062723c751e8b465ee728b)  -> (artifact id: '92d3323492ec80b18923f9d5c834fa8b') in 0.012421 seconds 
  Import took 0.015137 seconds .

========================================================================
Received Import Request.
  Time since last request: 0.809055 seconds.
  path: Assets/Player/Scripts/Player
  artifactKey: Guid(3b51c955d53cd434aa268b9fbe56795d) Importer(815301076,1909f56bfc062723c751e8b465ee728b)
Start importing Assets/Player/Scripts/Player using Guid(3b51c955d53cd434aa268b9fbe56795d) Importer(815301076,1909f56bfc062723c751e8b465ee728b)  -> (artifact id: 'bf760a8fa20adb467fdacf8896d5195a') in 0.011059 seconds 
  Import took 0.014119 seconds .

========================================================================
Received Prepare
Registering precompiled user dll's ...
Registered in 0.134918 seconds.
Begin MonoManager ReloadAssembly
Native extension for WindowsStandalone target not found
Refreshing native plugins compatible for Editor in 0.83 ms, found 2 plugins.
Preloading 0 native plugins for Editor in 0.00 ms.
Mono: successfully reloaded assembly
- Completed reload, in  1.245 seconds
Domain Reload Profiling:
	ReloadAssembly (1245ms)
		BeginReloadAssembly (145ms)
			ExecutionOrderSort (0ms)
			DisableScriptedObjects (4ms)
			BackupInstance (0ms)
			ReleaseScriptingObjects (0ms)
			CreateAndSetChildDomain (31ms)
		EndReloadAssembly (1041ms)
			LoadAssemblies (129ms)
			RebuildTransferFunctionScriptingTraits (0ms)
			SetupTypeCache (311ms)
			ReleaseScriptCaches (1ms)
			RebuildScriptCaches (43ms)
			SetupLoadedEditorAssemblies (366ms)
				LogAssemblyErrors (1ms)
				InitializePlatformSupportModulesInManaged (30ms)
				SetLoadedEditorAssemblies (1ms)
				RefreshPlugins (1ms)
				BeforeProcessingInitializeOnLoad (113ms)
				ProcessInitializeOnLoadAttributes (209ms)
				ProcessInitializeOnLoadMethodAttributes (9ms)
				AfterProcessingInitializeOnLoad (2ms)
				EditorAssembliesLoaded (0ms)
			ExecutionOrderSort2 (0ms)
			AwakeInstancesAfterBackupRestoration (6ms)
Platform modules already initialized, skipping
Refreshing native plugins compatible for Editor in 0.76 ms, found 2 plugins.
Preloading 0 native plugins for Editor in 0.00 ms.
Unloading 1507 Unused Serialized files (Serialized files now loaded: 0)
System memory in use before: 90.1 MB.
System memory in use after: 90.2 MB.

Unloading 14 unused Assets to reduce memory usage. Loaded Objects now: 1968.
Total: 4.571100 ms (FindLiveObjects: 0.360500 ms CreateObjectMapping: 0.188800 ms MarkObjects: 3.991600 ms  DeleteObjects: 0.027600 ms)

AssetImportParameters requested are different than current active one (requested -> active):
  custom:framework-win-MediaFoundation: 216162199b28c13a410421893ffa2e32 -> 
  custom:video-decoder-ogg-theora: a1e56fd34408186e4bbccfd4996cb3dc -> 
  custom:container-muxer-webm: aa71ff27fc2769a1b78a27578f13a17b -> 
  custom:container-demuxer-webm: 4f35f7cbe854078d1ac9338744f61a02 -> 
  custom:container-demuxer-ogg: 62fdf1f143b41e24485cea50d1cbac27 -> 
  custom:video-encoder-webm-vp8: eb34c28f22e8b96e1ab97ce403110664 -> 
  custom:video-decoder-webm-vp8: 9c59270c3fd7afecdb556c50c9e8de78 -> 
  custom:audio-decoder-ogg-vorbis: bf7c407c2cedff20999df2af8eb42d56 -> 
  custom:audio-encoder-webm-vorbis: bf7c407c2cedff20999df2af8eb42d56 -> 
========================================================================
Received Prepare
Registering precompiled user dll's ...
Registered in 0.004162 seconds.
Begin MonoManager ReloadAssembly
Native extension for WindowsStandalone target not found
Refreshing native plugins compatible for Editor in 0.73 ms, found 2 plugins.
Preloading 0 native plugins for Editor in 0.00 ms.
Mono: successfully reloaded assembly
- Completed reload, in  0.712 seconds
Domain Reload Profiling:
	ReloadAssembly (712ms)
		BeginReloadAssembly (97ms)
			ExecutionOrderSort (0ms)
			DisableScriptedObjects (4ms)
			BackupInstance (0ms)
			ReleaseScriptingObjects (0ms)
			CreateAndSetChildDomain (24ms)
		EndReloadAssembly (566ms)
			LoadAssemblies (84ms)
			RebuildTransferFunctionScriptingTraits (0ms)
			SetupTypeCache (197ms)
			ReleaseScriptCaches (0ms)
			RebuildScriptCaches (26ms)
			SetupLoadedEditorAssemblies (215ms)
				LogAssemblyErrors (0ms)
				InitializePlatformSupportModulesInManaged (3ms)
				SetLoadedEditorAssemblies (0ms)
				RefreshPlugins (1ms)
				BeforeProcessingInitializeOnLoad (55ms)
				ProcessInitializeOnLoadAttributes (147ms)
				ProcessInitializeOnLoadMethodAttributes (7ms)
				AfterProcessingInitializeOnLoad (2ms)
				EditorAssembliesLoaded (0ms)
			ExecutionOrderSort2 (0ms)
			AwakeInstancesAfterBackupRestoration (4ms)
Platform modules already initialized, skipping
Refreshing native plugins compatible for Editor in 0.53 ms, found 2 plugins.
Preloading 0 native plugins for Editor in 0.00 ms.
Unloading 1507 Unused Serialized files (Serialized files now loaded: 0)
System memory in use before: 90.1 MB.
System memory in use after: 90.3 MB.

Unloading 14 unused Assets to reduce memory usage. Loaded Objects now: 1970.
Total: 2.044600 ms (FindLiveObjects: 0.093400 ms CreateObjectMapping: 0.027000 ms MarkObjects: 1.912500 ms  DeleteObjects: 0.011200 ms)

AssetImportParameters requested are different than current active one (requested -> active):
  custom:framework-win-MediaFoundation: 216162199b28c13a410421893ffa2e32 -> 
  custom:video-decoder-ogg-theora: a1e56fd34408186e4bbccfd4996cb3dc -> 
  custom:container-muxer-webm: aa71ff27fc2769a1b78a27578f13a17b -> 
  custom:container-demuxer-webm: 4f35f7cbe854078d1ac9338744f61a02 -> 
  custom:container-demuxer-ogg: 62fdf1f143b41e24485cea50d1cbac27 -> 
  custom:video-encoder-webm-vp8: eb34c28f22e8b96e1ab97ce403110664 -> 
  custom:video-decoder-webm-vp8: 9c59270c3fd7afecdb556c50c9e8de78 -> 
  custom:audio-decoder-ogg-vorbis: bf7c407c2cedff20999df2af8eb42d56 -> 
  custom:audio-encoder-webm-vorbis: bf7c407c2cedff20999df2af8eb42d56 -> 
========================================================================
Received Prepare
Registering precompiled user dll's ...
Registered in 0.004824 seconds.
Begin MonoManager ReloadAssembly
Native extension for WindowsStandalone target not found
Refreshing native plugins compatible for Editor in 0.60 ms, found 2 plugins.
Preloading 0 native plugins for Editor in 0.00 ms.
Mono: successfully reloaded assembly
- Completed reload, in  0.740 seconds
Domain Reload Profiling:
	ReloadAssembly (741ms)
		BeginReloadAssembly (101ms)
			ExecutionOrderSort (0ms)
			DisableScriptedObjects (4ms)
			BackupInstance (0ms)
			ReleaseScriptingObjects (0ms)
			CreateAndSetChildDomain (24ms)
		EndReloadAssembly (596ms)
			LoadAssemblies (82ms)
			RebuildTransferFunctionScriptingTraits (0ms)
			SetupTypeCache (207ms)
			ReleaseScriptCaches (1ms)
			RebuildScriptCaches (27ms)
			SetupLoadedEditorAssemblies (228ms)
				LogAssemblyErrors (0ms)
				InitializePlatformSupportModulesInManaged (4ms)
				SetLoadedEditorAssemblies (0ms)
				RefreshPlugins (1ms)
				BeforeProcessingInitializeOnLoad (57ms)
				ProcessInitializeOnLoadAttributes (156ms)
				ProcessInitializeOnLoadMethodAttributes (7ms)
				AfterProcessingInitializeOnLoad (2ms)
				EditorAssembliesLoaded (0ms)
			ExecutionOrderSort2 (0ms)
			AwakeInstancesAfterBackupRestoration (5ms)
Platform modules already initialized, skipping
Refreshing native plugins compatible for Editor in 0.56 ms, found 2 plugins.
Preloading 0 native plugins for Editor in 0.00 ms.
Unloading 1507 Unused Serialized files (Serialized files now loaded: 0)
System memory in use before: 90.2 MB.
System memory in use after: 90.3 MB.

Unloading 14 unused Assets to reduce memory usage. Loaded Objects now: 1972.
Total: 1.972600 ms (FindLiveObjects: 0.088300 ms CreateObjectMapping: 0.026200 ms MarkObjects: 1.845700 ms  DeleteObjects: 0.011800 ms)

AssetImportParameters requested are different than current active one (requested -> active):
  custom:framework-win-MediaFoundation: 216162199b28c13a410421893ffa2e32 -> 
  custom:video-decoder-ogg-theora: a1e56fd34408186e4bbccfd4996cb3dc -> 
  custom:container-muxer-webm: aa71ff27fc2769a1b78a27578f13a17b -> 
  custom:container-demuxer-webm: 4f35f7cbe854078d1ac9338744f61a02 -> 
  custom:container-demuxer-ogg: 62fdf1f143b41e24485cea50d1cbac27 -> 
  custom:video-encoder-webm-vp8: eb34c28f22e8b96e1ab97ce403110664 -> 
  custom:video-decoder-webm-vp8: 9c59270c3fd7afecdb556c50c9e8de78 -> 
  custom:audio-decoder-ogg-vorbis: bf7c407c2cedff20999df2af8eb42d56 -> 
  custom:audio-encoder-webm-vorbis: bf7c407c2cedff20999df2af8eb42d56 -> 
========================================================================
Received Prepare
Registering precompiled user dll's ...
Registered in 0.007142 seconds.
Begin MonoManager ReloadAssembly
Native extension for WindowsStandalone target not found
Refreshing native plugins compatible for Editor in 0.43 ms, found 2 plugins.
Preloading 0 native plugins for Editor in 0.00 ms.
Mono: successfully reloaded assembly
- Completed reload, in  0.644 seconds
Domain Reload Profiling:
	ReloadAssembly (644ms)
		BeginReloadAssembly (91ms)
			ExecutionOrderSort (0ms)
			DisableScriptedObjects (3ms)
			BackupInstance (0ms)
			ReleaseScriptingObjects (0ms)
			CreateAndSetChildDomain (21ms)
		EndReloadAssembly (513ms)
			LoadAssemblies (78ms)
			RebuildTransferFunctionScriptingTraits (0ms)
			SetupTypeCache (173ms)
			ReleaseScriptCaches (1ms)
			RebuildScriptCaches (23ms)
			SetupLoadedEditorAssemblies (198ms)
				LogAssemblyErrors (0ms)
				InitializePlatformSupportModulesInManaged (4ms)
				SetLoadedEditorAssemblies (0ms)
				RefreshPlugins (0ms)
				BeforeProcessingInitializeOnLoad (50ms)
				ProcessInitializeOnLoadAttributes (136ms)
				ProcessInitializeOnLoadMethodAttributes (6ms)
				AfterProcessingInitializeOnLoad (2ms)
				EditorAssembliesLoaded (0ms)
			ExecutionOrderSort2 (0ms)
			AwakeInstancesAfterBackupRestoration (4ms)
Platform modules already initialized, skipping
Shader 'TextMeshPro/Distance Field Overlay': fallback shader 'TextMeshPro/Mobile/Distance Field' not found
Shader 'TextMeshPro/Distance Field SSD': fallback shader 'TextMeshPro/Mobile/Distance Field' not found
Shader 'TextMeshPro/Distance Field': fallback shader 'TextMeshPro/Mobile/Distance Field' not found
Refreshing native plugins compatible for Editor in 0.42 ms, found 2 plugins.
Preloading 0 native plugins for Editor in 0.00 ms.
Unloading 1525 Unused Serialized files (Serialized files now loaded: 0)
System memory in use before: 92.5 MB.
System memory in use after: 92.0 MB.

Unloading 27 unused Assets to reduce memory usage. Loaded Objects now: 1979.
Total: 2.152800 ms (FindLiveObjects: 0.100300 ms CreateObjectMapping: 0.027500 ms MarkObjects: 1.788400 ms  DeleteObjects: 0.235800 ms)

AssetImportParameters requested are different than current active one (requested -> active):
  custom:framework-win-MediaFoundation: 216162199b28c13a410421893ffa2e32 -> 
  custom:video-decoder-ogg-theora: a1e56fd34408186e4bbccfd4996cb3dc -> 
  custom:container-muxer-webm: aa71ff27fc2769a1b78a27578f13a17b -> 
  custom:container-demuxer-webm: 4f35f7cbe854078d1ac9338744f61a02 -> 
  custom:container-demuxer-ogg: 62fdf1f143b41e24485cea50d1cbac27 -> 
  custom:video-encoder-webm-vp8: eb34c28f22e8b96e1ab97ce403110664 -> 
  custom:video-decoder-webm-vp8: 9c59270c3fd7afecdb556c50c9e8de78 -> 
  custom:audio-decoder-ogg-vorbis: bf7c407c2cedff20999df2af8eb42d56 -> 
  custom:audio-encoder-webm-vorbis: bf7c407c2cedff20999df2af8eb42d56 -> 
========================================================================
Received Import Request.
  Time since last request: 652.323655 seconds.
  path: Assets/01_Scenes/Main
  artifactKey: Guid(7e7f8c35ba09dcd428d68638b12b4cc6) Importer(815301076,1909f56bfc062723c751e8b465ee728b)
Start importing Assets/01_Scenes/Main using Guid(7e7f8c35ba09dcd428d68638b12b4cc6) Importer(815301076,1909f56bfc062723c751e8b465ee728b)  -> (artifact id: '08d786e6a05f51356168170a52c45bb2') in 0.017435 seconds 
  Import took 0.020405 seconds .

========================================================================
Received Import Request.
  Time since last request: 0.071693 seconds.
  path: Assets/01_Scenes/Main/OcclusionCullingData.asset
  artifactKey: Guid(e854896bebf8d9c43a17c5d948c5a633) Importer(815301076,1909f56bfc062723c751e8b465ee728b)
Start importing Assets/01_Scenes/Main/OcclusionCullingData.asset using Guid(e854896bebf8d9c43a17c5d948c5a633) Importer(815301076,1909f56bfc062723c751e8b465ee728b)  -> (artifact id: '544e6f1812f55241d8c3f64a6b21977d') in 0.022412 seconds 
  Import took 0.024525 seconds .

========================================================================
Received Import Request.
  Time since last request: 2.961067 seconds.
  path: Assets/Blue.mat
  artifactKey: Guid(a689b06ec4ccc5d4a90b5c33034f6747) Importer(815301076,1909f56bfc062723c751e8b465ee728b)
Start importing Assets/Blue.mat using Guid(a689b06ec4ccc5d4a90b5c33034f6747) Importer(815301076,1909f56bfc062723c751e8b465ee728b)  -> (artifact id: 'd365f1a9907ebd8982fadb9ff17b8e45') in 0.189167 seconds 
  Import took 0.191448 seconds .

========================================================================
Received Import Request.
  Time since last request: 0.000230 seconds.
  path: Assets/Minimap.renderTexture
  artifactKey: Guid(c77403197086a6e4eb9e4cbf3bda2a54) Importer(815301076,1909f56bfc062723c751e8b465ee728b)
Start importing Assets/Minimap.renderTexture using Guid(c77403197086a6e4eb9e4cbf3bda2a54) Importer(815301076,1909f56bfc062723c751e8b465ee728b)  -> (artifact id: 'ac1e55c955ccc3684deb9ce8b8dd511a') in 0.034038 seconds 
  Import took 0.036295 seconds .

========================================================================
Received Import Request.
  Time since last request: 0.000221 seconds.
  path: Assets/Red.mat
  artifactKey: Guid(3074beddaf759f942985b3dd717634e2) Importer(815301076,1909f56bfc062723c751e8b465ee728b)
Start importing Assets/Red.mat using Guid(3074beddaf759f942985b3dd717634e2) Importer(815301076,1909f56bfc062723c751e8b465ee728b)  -> (artifact id: '5778d37f8d2760c6617faaa6724ea6ae') in 0.027412 seconds 
  Import took 0.029777 seconds .

AssetImportWorkerClient::OnTransportError - code=2 error=End of file
