Using pre-set license
Built from '2020.3/staging' branch; Version is '2020.3.21f1 (a38c86f6690f) revision 10718342'; Using compiler version '192528614'; Build Type 'Release'
OS: 'Windows 10 Home; OS build 19044.2130; Version 2009; 64bit' Language: 'ko' Physical Memory: 11659 MB
BatchMode: 1, IsHumanControllingUs: 0, StartBugReporterOnCrash: 0, Is64bit: 1, IsPro: 0

COMMAND LINE ARGUMENTS:
C:\Program Files\Unity\Hub\Editor\2020.3.21f1\Editor\Unity.exe
-adb2
-batchMode
-noUpm
-name
AssetImportWorker0
-projectPath
C:/Users/was56/Documents/GitHub/GEAP_TeamProject/TeamProject_MainBranch
-logFile
Logs/AssetImportWorker0.log
-srvPort
61700
Successfully changed project path to: C:/Users/was56/Documents/GitHub/GEAP_TeamProject/TeamProject_MainBranch
C:/Users/was56/Documents/GitHub/GEAP_TeamProject/TeamProject_MainBranch
Using Asset Import Pipeline V2.
Refreshing native plugins compatible for Editor in 178.56 ms, found 2 plugins.
Preloading 0 native plugins for Editor in 0.00 ms.
Initialize engine version: 2020.3.21f1 (a38c86f6690f)
[Subsystems] Discovering subsystems at path C:/Program Files/Unity/Hub/Editor/2020.3.21f1/Editor/Data/Resources/UnitySubsystems
[Subsystems] Discovering subsystems at path C:/Users/was56/Documents/GitHub/GEAP_TeamProject/TeamProject_MainBranch/Assets
GfxDevice: creating device client; threaded=0
Direct3D:
    Version:  Direct3D 11.0 [level 11.1]
    Renderer: AMD Radeon(TM) Graphics (ID=0x164c)
    Vendor:   
    VRAM:     5829 MB
    Driver:   30.0.13044.3001
Initialize mono
Mono path[0] = 'C:/Program Files/Unity/Hub/Editor/2020.3.21f1/Editor/Data/Managed'
Mono path[1] = 'C:/Program Files/Unity/Hub/Editor/2020.3.21f1/Editor/Data/MonoBleedingEdge/lib/mono/unityjit'
Mono config path = 'C:/Program Files/Unity/Hub/Editor/2020.3.21f1/Editor/Data/MonoBleedingEdge/etc'
Using monoOptions --debugger-agent=transport=dt_socket,embedding=1,server=y,suspend=n,address=127.0.0.1:56588
Begin MonoManager ReloadAssembly
Registering precompiled unity dll's ...
Register platform support module: C:/Program Files/Unity/Hub/Editor/2020.3.21f1/Editor/Data/PlaybackEngines/WindowsStandaloneSupport/UnityEditor.WindowsStandalone.Extensions.dll
Registered in 0.003371 seconds.
Native extension for WindowsStandalone target not found
Refreshing native plugins compatible for Editor in 62.93 ms, found 2 plugins.
Preloading 0 native plugins for Editor in 0.00 ms.
Mono: successfully reloaded assembly
- Completed reload, in  3.105 seconds
Domain Reload Profiling:
	ReloadAssembly (3105ms)
		BeginReloadAssembly (62ms)
			ExecutionOrderSort (0ms)
			DisableScriptedObjects (0ms)
			BackupInstance (0ms)
			ReleaseScriptingObjects (0ms)
			CreateAndSetChildDomain (1ms)
		EndReloadAssembly (517ms)
			LoadAssemblies (60ms)
			RebuildTransferFunctionScriptingTraits (0ms)
			SetupTypeCache (157ms)
			ReleaseScriptCaches (0ms)
			RebuildScriptCaches (39ms)
			SetupLoadedEditorAssemblies (213ms)
				LogAssemblyErrors (0ms)
				InitializePlatformSupportModulesInManaged (5ms)
				SetLoadedEditorAssemblies (0ms)
				RefreshPlugins (63ms)
				BeforeProcessingInitializeOnLoad (14ms)
				ProcessInitializeOnLoadAttributes (92ms)
				ProcessInitializeOnLoadMethodAttributes (38ms)
				AfterProcessingInitializeOnLoad (0ms)
				EditorAssembliesLoaded (0ms)
			ExecutionOrderSort2 (0ms)
			AwakeInstancesAfterBackupRestoration (0ms)
Platform modules already initialized, skipping
Registering precompiled user dll's ...
Registered in 0.010498 seconds.
Begin MonoManager ReloadAssembly
Native extension for WindowsStandalone target not found
Refreshing native plugins compatible for Editor in 0.75 ms, found 2 plugins.
Preloading 0 native plugins for Editor in 0.00 ms.
Mono: successfully reloaded assembly
- Completed reload, in  1.154 seconds
Domain Reload Profiling:
	ReloadAssembly (1155ms)
		BeginReloadAssembly (163ms)
			ExecutionOrderSort (0ms)
			DisableScriptedObjects (5ms)
			BackupInstance (0ms)
			ReleaseScriptingObjects (0ms)
			CreateAndSetChildDomain (22ms)
		EndReloadAssembly (926ms)
			LoadAssemblies (115ms)
			RebuildTransferFunctionScriptingTraits (0ms)
			SetupTypeCache (278ms)
			ReleaseScriptCaches (0ms)
			RebuildScriptCaches (52ms)
			SetupLoadedEditorAssemblies (385ms)
				LogAssemblyErrors (0ms)
				InitializePlatformSupportModulesInManaged (6ms)
				SetLoadedEditorAssemblies (1ms)
				RefreshPlugins (1ms)
				BeforeProcessingInitializeOnLoad (107ms)
				ProcessInitializeOnLoadAttributes (247ms)
				ProcessInitializeOnLoadMethodAttributes (14ms)
				AfterProcessingInitializeOnLoad (8ms)
				EditorAssembliesLoaded (0ms)
			ExecutionOrderSort2 (0ms)
			AwakeInstancesAfterBackupRestoration (10ms)
Platform modules already initialized, skipping
========================================================================
Worker process is ready to serve import requests
Launched and connected shader compiler UnityShaderCompiler.exe after 0.07 seconds
Refreshing native plugins compatible for Editor in 0.79 ms, found 2 plugins.
Preloading 0 native plugins for Editor in 0.00 ms.
Unloading 1533 Unused Serialized files (Serialized files now loaded: 0)
System memory in use before: 165.1 MB.
System memory in use after: 165.1 MB.

Unloading 19 unused Assets to reduce memory usage. Loaded Objects now: 1994.
Total: 3.347800 ms (FindLiveObjects: 0.273800 ms CreateObjectMapping: 0.078900 ms MarkObjects: 2.881700 ms  DeleteObjects: 0.111000 ms)

AssetImportParameters requested are different than current active one (requested -> active):
  custom:framework-win-MediaFoundation: 216162199b28c13a410421893ffa2e32 -> 
  custom:video-decoder-ogg-theora: a1e56fd34408186e4bbccfd4996cb3dc -> 
  custom:container-muxer-webm: aa71ff27fc2769a1b78a27578f13a17b -> 
  custom:container-demuxer-webm: 4f35f7cbe854078d1ac9338744f61a02 -> 
  custom:container-demuxer-ogg: 62fdf1f143b41e24485cea50d1cbac27 -> 
  custom:video-encoder-webm-vp8: eb34c28f22e8b96e1ab97ce403110664 -> 
  custom:video-decoder-webm-vp8: 9c59270c3fd7afecdb556c50c9e8de78 -> 
  custom:audio-decoder-ogg-vorbis: bf7c407c2cedff20999df2af8eb42d56 -> 
  custom:audio-encoder-webm-vorbis: bf7c407c2cedff20999df2af8eb42d56 -> 
========================================================================
Received Import Request.
  path: Assets/Terrains/TerrainData_b1a54438-c8da-4964-8162-dcae3d24f830.asset
  artifactKey: Guid(6d29f11882a30d54b97ce281d386468d) Importer(815301076,1909f56bfc062723c751e8b465ee728b)
Start importing Assets/Terrains/TerrainData_b1a54438-c8da-4964-8162-dcae3d24f830.asset using Guid(6d29f11882a30d54b97ce281d386468d) Importer(815301076,1909f56bfc062723c751e8b465ee728b) The tree Tree1 must use the Nature/Soft Occlusion shader. Otherwise billboarding/lighting will not work correctly.
The tree Tree1 must use the Nature/Soft Occlusion shader. Otherwise billboarding/lighting will not work correctly.
The tree Tree2 must use the Nature/Soft Occlusion shader. Otherwise billboarding/lighting will not work correctly.
The tree Tree2 must use the Nature/Soft Occlusion shader. Otherwise billboarding/lighting will not work correctly.
 -> (artifact id: '508e1f172e6c51105b9505afc9c8c40d') in 0.113638 seconds 
  Import took 0.117313 seconds .

========================================================================
Received Import Request.
  Time since last request: 0.000340 seconds.
  path: Assets/Terrains/TerrainData_d0e43345-6e18-4243-ac16-f84ebf03d16e.asset
  artifactKey: Guid(58f53001882df144ca3a3868f8c01f35) Importer(815301076,1909f56bfc062723c751e8b465ee728b)
Start importing Assets/Terrains/TerrainData_d0e43345-6e18-4243-ac16-f84ebf03d16e.asset using Guid(58f53001882df144ca3a3868f8c01f35) Importer(815301076,1909f56bfc062723c751e8b465ee728b)  -> (artifact id: 'a5dfde3fb069ecca5ed0b046e086bad3') in 0.024440 seconds 
  Import took 0.027350 seconds .

========================================================================
Received Import Request.
  Time since last request: 0.000373 seconds.
  path: Assets/Minimap.renderTexture
  artifactKey: Guid(c77403197086a6e4eb9e4cbf3bda2a54) Importer(815301076,1909f56bfc062723c751e8b465ee728b)
Start importing Assets/Minimap.renderTexture using Guid(c77403197086a6e4eb9e4cbf3bda2a54) Importer(815301076,1909f56bfc062723c751e8b465ee728b)  -> (artifact id: '65b6bfdb0ea656b6dc0296b20164250e') in 0.038559 seconds 
  Import took 0.042083 seconds .

========================================================================
Received Import Request.
  Time since last request: 0.000515 seconds.
  path: Assets/Terrains/TerrainData_efe7caf3-b012-4111-b1b0-89e920c490f1.asset
  artifactKey: Guid(d95d0e3d40f46a24f8418c7715c9a8e4) Importer(815301076,1909f56bfc062723c751e8b465ee728b)
Start importing Assets/Terrains/TerrainData_efe7caf3-b012-4111-b1b0-89e920c490f1.asset using Guid(d95d0e3d40f46a24f8418c7715c9a8e4) Importer(815301076,1909f56bfc062723c751e8b465ee728b)  -> (artifact id: '41455689d26058a8145ea56c7208c340') in 0.019950 seconds 
  Import took 0.023260 seconds .

========================================================================
Received Import Request.
  Time since last request: 0.000253 seconds.
  path: Assets/Red.mat
  artifactKey: Guid(3074beddaf759f942985b3dd717634e2) Importer(815301076,1909f56bfc062723c751e8b465ee728b)
Start importing Assets/Red.mat using Guid(3074beddaf759f942985b3dd717634e2) Importer(815301076,1909f56bfc062723c751e8b465ee728b)  -> (artifact id: 'dd8754a673172b2f47ae91a9f2ed7fe7') in 0.086769 seconds 
  Import took 0.090104 seconds .

========================================================================
Received Import Request.
  Time since last request: 0.000287 seconds.
  path: Assets/Terrains/TerrainData_66821d9c-8fc0-4023-88a7-2d3b4d9c7193.asset
  artifactKey: Guid(9dcb7d55a5f44f34c940df5e14647ea4) Importer(815301076,1909f56bfc062723c751e8b465ee728b)
Start importing Assets/Terrains/TerrainData_66821d9c-8fc0-4023-88a7-2d3b4d9c7193.asset using Guid(9dcb7d55a5f44f34c940df5e14647ea4) Importer(815301076,1909f56bfc062723c751e8b465ee728b) The tree Tree1 must use the Nature/Soft Occlusion shader. Otherwise billboarding/lighting will not work correctly.
The tree Tree1 must use the Nature/Soft Occlusion shader. Otherwise billboarding/lighting will not work correctly.
The tree Tree2 must use the Nature/Soft Occlusion shader. Otherwise billboarding/lighting will not work correctly.
The tree Tree2 must use the Nature/Soft Occlusion shader. Otherwise billboarding/lighting will not work correctly.
 -> (artifact id: '0461bdbe0e93a71f041496c7941aa6db') in 0.042879 seconds 
  Import took 0.046622 seconds .

========================================================================
Received Import Request.
  Time since last request: 0.000376 seconds.
  path: Assets/Terrains/TerrainData_c6da2aaf-a1f2-4cad-b947-ae2a8ab62cd5.asset
  artifactKey: Guid(2a77a42c6e1cffb43b5a6e57ee3d7638) Importer(815301076,1909f56bfc062723c751e8b465ee728b)
Start importing Assets/Terrains/TerrainData_c6da2aaf-a1f2-4cad-b947-ae2a8ab62cd5.asset using Guid(2a77a42c6e1cffb43b5a6e57ee3d7638) Importer(815301076,1909f56bfc062723c751e8b465ee728b)  -> (artifact id: '54a8406042a4bab5823fcf5696508cc4') in 0.038287 seconds 
  Import took 0.042387 seconds .

========================================================================
Received Import Request.
  Time since last request: 0.000408 seconds.
  path: Assets/Terrains/TerrainData_fa364ae2-fe25-4a49-b0b5-c0585fc21445.asset
  artifactKey: Guid(98f48d0e4aa8eda4899ea75ad477fdb2) Importer(815301076,1909f56bfc062723c751e8b465ee728b)
Start importing Assets/Terrains/TerrainData_fa364ae2-fe25-4a49-b0b5-c0585fc21445.asset using Guid(98f48d0e4aa8eda4899ea75ad477fdb2) Importer(815301076,1909f56bfc062723c751e8b465ee728b) The tree Tree1 must use the Nature/Soft Occlusion shader. Otherwise billboarding/lighting will not work correctly.
The tree Tree1 must use the Nature/Soft Occlusion shader. Otherwise billboarding/lighting will not work correctly.
The tree Tree2 must use the Nature/Soft Occlusion shader. Otherwise billboarding/lighting will not work correctly.
The tree Tree2 must use the Nature/Soft Occlusion shader. Otherwise billboarding/lighting will not work correctly.
 -> (artifact id: '8d396c1caca3e76a962586f3f1e77b3d') in 0.021489 seconds 
  Import took 0.026223 seconds .

========================================================================
Received Import Request.
  Time since last request: 0.000602 seconds.
  path: Assets/Terrains/TerrainData_86c349b8-1a80-407c-b15c-eebf04246d01.asset
  artifactKey: Guid(e451edc48e6287d47a31451a21be2489) Importer(815301076,1909f56bfc062723c751e8b465ee728b)
Start importing Assets/Terrains/TerrainData_86c349b8-1a80-407c-b15c-eebf04246d01.asset using Guid(e451edc48e6287d47a31451a21be2489) Importer(815301076,1909f56bfc062723c751e8b465ee728b) The tree RHEF_SpruceA couldn't be instanced because the prefab contains no valid mesh renderer.
The tree RHEF_SpruceA couldn't be instanced because the prefab contains no valid mesh renderer.
The tree Tree1 must use the Nature/Soft Occlusion shader. Otherwise billboarding/lighting will not work correctly.
The tree Tree1 must use the Nature/Soft Occlusion shader. Otherwise billboarding/lighting will not work correctly.
The tree Tree2 must use the Nature/Soft Occlusion shader. Otherwise billboarding/lighting will not work correctly.
The tree Tree2 must use the Nature/Soft Occlusion shader. Otherwise billboarding/lighting will not work correctly.
The tree TreeYellow3 must use the Nature/Soft Occlusion shader. Otherwise billboarding/lighting will not work correctly.
The tree TreeYellow3 must use the Nature/Soft Occlusion shader. Otherwise billboarding/lighting will not work correctly.
The tree TreeYellow3 must use the Nature/Soft Occlusion shader. Otherwise billboarding/lighting will not work correctly.
The tree Rock5 must use the Nature/Soft Occlusion shader. Otherwise billboarding/lighting will not work correctly.
The tree Rock1 must use the Nature/Soft Occlusion shader. Otherwise billboarding/lighting will not work correctly.
The tree Rock5 must use the Nature/Soft Occlusion shader. Otherwise billboarding/lighting will not work correctly.
The tree Rock3 must use the Nature/Soft Occlusion shader. Otherwise billboarding/lighting will not work correctly.
 -> (artifact id: 'a2fc31928cbfdb450f75de61eecd596b') in 0.040521 seconds 
  Import took 0.044609 seconds .

========================================================================
Received Import Request.
  Time since last request: 0.000245 seconds.
  path: Assets/Terrains/TerrainData_1699b5b8-ac94-4d52-a913-c35a880f49d2.asset
  artifactKey: Guid(1227b1bd3097a254f9bb81d053bdf270) Importer(815301076,1909f56bfc062723c751e8b465ee728b)
Start importing Assets/Terrains/TerrainData_1699b5b8-ac94-4d52-a913-c35a880f49d2.asset using Guid(1227b1bd3097a254f9bb81d053bdf270) Importer(815301076,1909f56bfc062723c751e8b465ee728b) The tree Tree1 must use the Nature/Soft Occlusion shader. Otherwise billboarding/lighting will not work correctly.
The tree Tree1 must use the Nature/Soft Occlusion shader. Otherwise billboarding/lighting will not work correctly.
The tree Tree2 must use the Nature/Soft Occlusion shader. Otherwise billboarding/lighting will not work correctly.
The tree Tree2 must use the Nature/Soft Occlusion shader. Otherwise billboarding/lighting will not work correctly.
 -> (artifact id: '0b655a16c5fbbcf243a3231151d37be8') in 0.041805 seconds 
  Import took 0.045408 seconds .

========================================================================
Received Import Request.
  Time since last request: 0.000243 seconds.
  path: Assets/Terrains/TerrainData_42ffd6be-33dc-4c6f-9ffe-c8e6ccb19c8d.asset
  artifactKey: Guid(f76208690924c1042aaaec48a8934c6c) Importer(815301076,1909f56bfc062723c751e8b465ee728b)
Start importing Assets/Terrains/TerrainData_42ffd6be-33dc-4c6f-9ffe-c8e6ccb19c8d.asset using Guid(f76208690924c1042aaaec48a8934c6c) Importer(815301076,1909f56bfc062723c751e8b465ee728b) The tree Tree1 must use the Nature/Soft Occlusion shader. Otherwise billboarding/lighting will not work correctly.
The tree Tree1 must use the Nature/Soft Occlusion shader. Otherwise billboarding/lighting will not work correctly.
The tree Tree2 must use the Nature/Soft Occlusion shader. Otherwise billboarding/lighting will not work correctly.
The tree Tree2 must use the Nature/Soft Occlusion shader. Otherwise billboarding/lighting will not work correctly.
 -> (artifact id: '5103b3298c654b09785c448e5d4ab439') in 0.063109 seconds 
  Import took 0.066493 seconds .

========================================================================
Received Import Request.
  Time since last request: 0.000275 seconds.
  path: Assets/Terrains/TerrainData_69de31ec-4fa0-46eb-bef9-a0aae7e5fe16.asset
  artifactKey: Guid(75f5766c6d99b914388fe82cb9a5596c) Importer(815301076,1909f56bfc062723c751e8b465ee728b)
Start importing Assets/Terrains/TerrainData_69de31ec-4fa0-46eb-bef9-a0aae7e5fe16.asset using Guid(75f5766c6d99b914388fe82cb9a5596c) Importer(815301076,1909f56bfc062723c751e8b465ee728b)  -> (artifact id: '0daa00aeadf576987dafce79b305b7ac') in 0.023949 seconds 
  Import took 0.026970 seconds .

========================================================================
Received Import Request.
  Time since last request: 0.000261 seconds.
  path: Assets/Terrains/TerrainData_a97fd99f-3f97-4802-8fae-b6a94a22ce70.asset
  artifactKey: Guid(5e49b0c9d1f148a4f9837018054ee0af) Importer(815301076,1909f56bfc062723c751e8b465ee728b)
Start importing Assets/Terrains/TerrainData_a97fd99f-3f97-4802-8fae-b6a94a22ce70.asset using Guid(5e49b0c9d1f148a4f9837018054ee0af) Importer(815301076,1909f56bfc062723c751e8b465ee728b)  -> (artifact id: '2815ffb135fd6a5c501071ebb6fc3a17') in 0.040075 seconds 
  Import took 0.045335 seconds .

========================================================================
Received Import Request.
  Time since last request: 0.000525 seconds.
  path: Assets/Terrains/TerrainData_deb6a61b-258e-403e-8c62-889f1d45b314.asset
  artifactKey: Guid(b4f0dfa5f76ff464d8531387ddd2f4ba) Importer(815301076,1909f56bfc062723c751e8b465ee728b)
Start importing Assets/Terrains/TerrainData_deb6a61b-258e-403e-8c62-889f1d45b314.asset using Guid(b4f0dfa5f76ff464d8531387ddd2f4ba) Importer(815301076,1909f56bfc062723c751e8b465ee728b) The tree RHEF_SpruceA couldn't be instanced because the prefab contains no valid mesh renderer.
The tree RHEF_SpruceA couldn't be instanced because the prefab contains no valid mesh renderer.
The tree Tree1 must use the Nature/Soft Occlusion shader. Otherwise billboarding/lighting will not work correctly.
The tree Tree1 must use the Nature/Soft Occlusion shader. Otherwise billboarding/lighting will not work correctly.
The tree Tree2 must use the Nature/Soft Occlusion shader. Otherwise billboarding/lighting will not work correctly.
The tree Tree2 must use the Nature/Soft Occlusion shader. Otherwise billboarding/lighting will not work correctly.
 -> (artifact id: '9e80f0001821f6578070c474531c075b') in 0.027412 seconds 
  Import took 0.031459 seconds .

========================================================================
Received Import Request.
  Time since last request: 0.000227 seconds.
  path: Assets/Terrains/TerrainData_a1b73cb8-1831-4884-a9bd-ac0366c46474.asset
  artifactKey: Guid(40093ed3b6c79254588a72fca9f5cdbb) Importer(815301076,1909f56bfc062723c751e8b465ee728b)
Start importing Assets/Terrains/TerrainData_a1b73cb8-1831-4884-a9bd-ac0366c46474.asset using Guid(40093ed3b6c79254588a72fca9f5cdbb) Importer(815301076,1909f56bfc062723c751e8b465ee728b) The tree Tree2 must use the Nature/Soft Occlusion shader. Otherwise billboarding/lighting will not work correctly.
The tree Tree2 must use the Nature/Soft Occlusion shader. Otherwise billboarding/lighting will not work correctly.
The tree Tree1 must use the Nature/Soft Occlusion shader. Otherwise billboarding/lighting will not work correctly.
The tree Tree1 must use the Nature/Soft Occlusion shader. Otherwise billboarding/lighting will not work correctly.
 -> (artifact id: '71f15452adba359362f64b6edc6f300b') in 0.022629 seconds 
  Import took 0.027131 seconds .

========================================================================
Received Import Request.
  Time since last request: 0.000302 seconds.
  path: Assets/Terrains/TerrainData_ec22429d-7828-4e39-ad61-f195b8dd35c2.asset
  artifactKey: Guid(357c5a936ddf4234e9a89d7bde03ff98) Importer(815301076,1909f56bfc062723c751e8b465ee728b)
Start importing Assets/Terrains/TerrainData_ec22429d-7828-4e39-ad61-f195b8dd35c2.asset using Guid(357c5a936ddf4234e9a89d7bde03ff98) Importer(815301076,1909f56bfc062723c751e8b465ee728b) The tree Tree2 must use the Nature/Soft Occlusion shader. Otherwise billboarding/lighting will not work correctly.
The tree Tree2 must use the Nature/Soft Occlusion shader. Otherwise billboarding/lighting will not work correctly.
The tree Tree1 must use the Nature/Soft Occlusion shader. Otherwise billboarding/lighting will not work correctly.
The tree Tree1 must use the Nature/Soft Occlusion shader. Otherwise billboarding/lighting will not work correctly.
 -> (artifact id: '464fda161eaa1a53f7f99224882f1736') in 0.020283 seconds 
  Import took 0.024074 seconds .

========================================================================
Received Import Request.
  Time since last request: 0.000371 seconds.
  path: Assets/Terrains/TerrainData_26fcf4b1-82a9-42c5-a849-66f0144e7ceb.asset
  artifactKey: Guid(c4baff1d5f0a95849aeeec0163f6f827) Importer(815301076,1909f56bfc062723c751e8b465ee728b)
Start importing Assets/Terrains/TerrainData_26fcf4b1-82a9-42c5-a849-66f0144e7ceb.asset using Guid(c4baff1d5f0a95849aeeec0163f6f827) Importer(815301076,1909f56bfc062723c751e8b465ee728b) The tree Tree2 must use the Nature/Soft Occlusion shader. Otherwise billboarding/lighting will not work correctly.
The tree Tree2 must use the Nature/Soft Occlusion shader. Otherwise billboarding/lighting will not work correctly.
The tree Tree1 must use the Nature/Soft Occlusion shader. Otherwise billboarding/lighting will not work correctly.
The tree Tree1 must use the Nature/Soft Occlusion shader. Otherwise billboarding/lighting will not work correctly.
 -> (artifact id: '1e82922f6daa6f268265c7cb29d2b996') in 0.029650 seconds 
  Import took 0.033205 seconds .

========================================================================
Received Import Request.
  Time since last request: 0.000308 seconds.
  path: Assets/Terrains/TerrainData_f7d1bdba-8c99-4cc2-99cc-f69cfbe2502a.asset
  artifactKey: Guid(6ede06a49474dfa4a9a40d0236a96071) Importer(815301076,1909f56bfc062723c751e8b465ee728b)
Start importing Assets/Terrains/TerrainData_f7d1bdba-8c99-4cc2-99cc-f69cfbe2502a.asset using Guid(6ede06a49474dfa4a9a40d0236a96071) Importer(815301076,1909f56bfc062723c751e8b465ee728b)  -> (artifact id: '4b8500f95ef96a20de41738cb35188e0') in 0.025637 seconds 
  Import took 0.029159 seconds .

========================================================================
Received Import Request.
  Time since last request: 0.000280 seconds.
  path: Assets/Terrains/TerrainData_502b6cea-3b98-4a17-ba74-3ee94da43f2c.asset
  artifactKey: Guid(03bed33a7000ec04ea90850c5246edb3) Importer(815301076,1909f56bfc062723c751e8b465ee728b)
Start importing Assets/Terrains/TerrainData_502b6cea-3b98-4a17-ba74-3ee94da43f2c.asset using Guid(03bed33a7000ec04ea90850c5246edb3) Importer(815301076,1909f56bfc062723c751e8b465ee728b) The tree Tree1 must use the Nature/Soft Occlusion shader. Otherwise billboarding/lighting will not work correctly.
The tree Tree1 must use the Nature/Soft Occlusion shader. Otherwise billboarding/lighting will not work correctly.
 -> (artifact id: 'a8903a764f27ac563a48154cb3adddaa') in 0.019265 seconds 
  Import took 0.022906 seconds .

========================================================================
Received Import Request.
  Time since last request: 0.000285 seconds.
  path: Assets/Terrains/TerrainData_1261d66f-37a7-4bd5-a19b-d83e92349952.asset
  artifactKey: Guid(6ad9d48885706f0459ac0776c52b3c69) Importer(815301076,1909f56bfc062723c751e8b465ee728b)
Start importing Assets/Terrains/TerrainData_1261d66f-37a7-4bd5-a19b-d83e92349952.asset using Guid(6ad9d48885706f0459ac0776c52b3c69) Importer(815301076,1909f56bfc062723c751e8b465ee728b) The tree Tree2 must use the Nature/Soft Occlusion shader. Otherwise billboarding/lighting will not work correctly.
The tree Tree2 must use the Nature/Soft Occlusion shader. Otherwise billboarding/lighting will not work correctly.
 -> (artifact id: '9935e7c90081b94bbf056f9afd135f4c') in 0.018446 seconds 
  Import took 0.021586 seconds .

========================================================================
Received Import Request.
  Time since last request: 0.000287 seconds.
  path: Assets/Terrains/TerrainData_28a6b9e9-b300-401f-84a8-dd32cafd8108.asset
  artifactKey: Guid(103ce30aea0c9284a81a3d056dbc9702) Importer(815301076,1909f56bfc062723c751e8b465ee728b)
Start importing Assets/Terrains/TerrainData_28a6b9e9-b300-401f-84a8-dd32cafd8108.asset using Guid(103ce30aea0c9284a81a3d056dbc9702) Importer(815301076,1909f56bfc062723c751e8b465ee728b)  -> (artifact id: 'b2798dbdd767fce1f3e60b29706743e6') in 0.018460 seconds 
  Import took 0.022007 seconds .

========================================================================
Received Import Request.
  Time since last request: 0.000473 seconds.
  path: Assets/Terrains/TerrainData_d43aebda-2734-48aa-80b6-1144a03431af.asset
  artifactKey: Guid(65c6b5eee53df0f449890251259a45bf) Importer(815301076,1909f56bfc062723c751e8b465ee728b)
Start importing Assets/Terrains/TerrainData_d43aebda-2734-48aa-80b6-1144a03431af.asset using Guid(65c6b5eee53df0f449890251259a45bf) Importer(815301076,1909f56bfc062723c751e8b465ee728b) The tree Tree2 must use the Nature/Soft Occlusion shader. Otherwise billboarding/lighting will not work correctly.
The tree Tree2 must use the Nature/Soft Occlusion shader. Otherwise billboarding/lighting will not work correctly.
The tree Tree1 must use the Nature/Soft Occlusion shader. Otherwise billboarding/lighting will not work correctly.
The tree Tree1 must use the Nature/Soft Occlusion shader. Otherwise billboarding/lighting will not work correctly.
 -> (artifact id: '2bd641a1c0d759960ebc0f4045e5a502') in 0.022663 seconds 
  Import took 0.026745 seconds .

========================================================================
Received Import Request.
  Time since last request: 0.000229 seconds.
  path: Assets/Terrains/TerrainData_0286c4bd-83e9-4a49-818e-128d99325e80.asset
  artifactKey: Guid(9deb134269826a04ab5083f59061a927) Importer(815301076,1909f56bfc062723c751e8b465ee728b)
Start importing Assets/Terrains/TerrainData_0286c4bd-83e9-4a49-818e-128d99325e80.asset using Guid(9deb134269826a04ab5083f59061a927) Importer(815301076,1909f56bfc062723c751e8b465ee728b)  -> (artifact id: 'd9b96c438b1dc86883a6facbdc1daeb3') in 0.017592 seconds 
  Import took 0.021061 seconds .

========================================================================
Received Import Request.
  Time since last request: 0.000322 seconds.
  path: Assets/Terrains/TerrainData_bc19d62e-9e7b-49c7-a978-cc1ad3a50043.asset
  artifactKey: Guid(369644744f0a5094da37f2d826feb899) Importer(815301076,1909f56bfc062723c751e8b465ee728b)
Start importing Assets/Terrains/TerrainData_bc19d62e-9e7b-49c7-a978-cc1ad3a50043.asset using Guid(369644744f0a5094da37f2d826feb899) Importer(815301076,1909f56bfc062723c751e8b465ee728b)  -> (artifact id: '097626c7961e4cb4ee179e2119c3907e') in 0.025841 seconds 
  Import took 0.029056 seconds .

========================================================================
Received Import Request.
  Time since last request: 0.000358 seconds.
  path: Assets/Terrains/TerrainData_ca7cd53e-a874-4c09-9fd9-96b42becb279.asset
  artifactKey: Guid(910186fbfa7b14f41a37aea297d43ffb) Importer(815301076,1909f56bfc062723c751e8b465ee728b)
Start importing Assets/Terrains/TerrainData_ca7cd53e-a874-4c09-9fd9-96b42becb279.asset using Guid(910186fbfa7b14f41a37aea297d43ffb) Importer(815301076,1909f56bfc062723c751e8b465ee728b)  -> (artifact id: 'c482ffa914aa51ea9e08ea9a2b047450') in 0.017444 seconds 
  Import took 0.021419 seconds .

========================================================================
Received Import Request.
  Time since last request: 0.000308 seconds.
  path: Assets/Terrains/TerrainData_edc9857b-2a63-43ae-9e05-f8eafec125de.asset
  artifactKey: Guid(aa7ca8fa366ac7f479626895bfeb8b74) Importer(815301076,1909f56bfc062723c751e8b465ee728b)
Start importing Assets/Terrains/TerrainData_edc9857b-2a63-43ae-9e05-f8eafec125de.asset using Guid(aa7ca8fa366ac7f479626895bfeb8b74) Importer(815301076,1909f56bfc062723c751e8b465ee728b) The tree Tree2 must use the Nature/Soft Occlusion shader. Otherwise billboarding/lighting will not work correctly.
The tree Tree2 must use the Nature/Soft Occlusion shader. Otherwise billboarding/lighting will not work correctly.
The tree Tree1 must use the Nature/Soft Occlusion shader. Otherwise billboarding/lighting will not work correctly.
The tree Tree1 must use the Nature/Soft Occlusion shader. Otherwise billboarding/lighting will not work correctly.
 -> (artifact id: '003976c822bd8b219b3865624f3b6800') in 0.027186 seconds 
  Import took 0.031203 seconds .

========================================================================
Received Import Request.
  Time since last request: 0.000334 seconds.
  path: Assets/Blue.mat
  artifactKey: Guid(a689b06ec4ccc5d4a90b5c33034f6747) Importer(815301076,1909f56bfc062723c751e8b465ee728b)
Start importing Assets/Blue.mat using Guid(a689b06ec4ccc5d4a90b5c33034f6747) Importer(815301076,1909f56bfc062723c751e8b465ee728b)  -> (artifact id: 'b45f41c1af5c78f939cf032b3f172462') in 0.016463 seconds 
  Import took 0.020374 seconds .

========================================================================
Received Import Request.
  Time since last request: 0.000535 seconds.
  path: Assets/Terrains/TerrainData_096cded7-1569-46a5-a35d-f148f647927b.asset
  artifactKey: Guid(f4ef2264e2eeb8e4caaab334b6386021) Importer(815301076,1909f56bfc062723c751e8b465ee728b)
Start importing Assets/Terrains/TerrainData_096cded7-1569-46a5-a35d-f148f647927b.asset using Guid(f4ef2264e2eeb8e4caaab334b6386021) Importer(815301076,1909f56bfc062723c751e8b465ee728b) The tree Tree2 must use the Nature/Soft Occlusion shader. Otherwise billboarding/lighting will not work correctly.
The tree Tree2 must use the Nature/Soft Occlusion shader. Otherwise billboarding/lighting will not work correctly.
The tree Tree1 must use the Nature/Soft Occlusion shader. Otherwise billboarding/lighting will not work correctly.
The tree Tree1 must use the Nature/Soft Occlusion shader. Otherwise billboarding/lighting will not work correctly.
 -> (artifact id: '0d44b65b59c2c97df3b1b74531ec00d5') in 0.025551 seconds 
  Import took 0.029843 seconds .

========================================================================
Received Import Request.
  Time since last request: 0.000305 seconds.
  path: Assets/Terrains/TerrainData_aef9b936-0923-4833-85c4-eff6a6a9e2e3.asset
  artifactKey: Guid(69746d5813ca73e438dcebaa45d29933) Importer(815301076,1909f56bfc062723c751e8b465ee728b)
Start importing Assets/Terrains/TerrainData_aef9b936-0923-4833-85c4-eff6a6a9e2e3.asset using Guid(69746d5813ca73e438dcebaa45d29933) Importer(815301076,1909f56bfc062723c751e8b465ee728b) The tree Tree1 must use the Nature/Soft Occlusion shader. Otherwise billboarding/lighting will not work correctly.
The tree Tree1 must use the Nature/Soft Occlusion shader. Otherwise billboarding/lighting will not work correctly.
 -> (artifact id: '0a633a1f8980fc3235a794dc28ca56d5') in 0.021631 seconds 
  Import took 0.025487 seconds .

========================================================================
Received Import Request.
  Time since last request: 0.000362 seconds.
  path: Assets/Terrains/TerrainData_3345e494-3576-48b4-9864-2b1dde04f793.asset
  artifactKey: Guid(b95a88b52b322d64892b676fe99b36ef) Importer(815301076,1909f56bfc062723c751e8b465ee728b)
Start importing Assets/Terrains/TerrainData_3345e494-3576-48b4-9864-2b1dde04f793.asset using Guid(b95a88b52b322d64892b676fe99b36ef) Importer(815301076,1909f56bfc062723c751e8b465ee728b) The tree Tree2 must use the Nature/Soft Occlusion shader. Otherwise billboarding/lighting will not work correctly.
The tree Tree2 must use the Nature/Soft Occlusion shader. Otherwise billboarding/lighting will not work correctly.
The tree Tree1 must use the Nature/Soft Occlusion shader. Otherwise billboarding/lighting will not work correctly.
The tree Tree1 must use the Nature/Soft Occlusion shader. Otherwise billboarding/lighting will not work correctly.
 -> (artifact id: '5898b14cd0b98253c9a5620572a6cd0b') in 0.021215 seconds 
  Import took 0.025282 seconds .

========================================================================
Received Import Request.
  Time since last request: 0.000284 seconds.
  path: Assets/Terrains/TerrainData_a1e06bf1-1c23-4f0e-8b24-2f3011be92c4.asset
  artifactKey: Guid(deddd0f5ccc3b084bbad857b9adc2fe0) Importer(815301076,1909f56bfc062723c751e8b465ee728b)
Start importing Assets/Terrains/TerrainData_a1e06bf1-1c23-4f0e-8b24-2f3011be92c4.asset using Guid(deddd0f5ccc3b084bbad857b9adc2fe0) Importer(815301076,1909f56bfc062723c751e8b465ee728b)  -> (artifact id: '3a6783309e56502c31f1f88084fea267') in 0.053530 seconds 
  Import took 0.056708 seconds .

========================================================================
Received Import Request.
  Time since last request: 0.000336 seconds.
  path: Assets/Terrains/TerrainData_a8b3401a-0612-4acd-8865-7a7dc9d8d81c.asset
  artifactKey: Guid(e1dc6417b92aec24a95b299e1f9e1c74) Importer(815301076,1909f56bfc062723c751e8b465ee728b)
Start importing Assets/Terrains/TerrainData_a8b3401a-0612-4acd-8865-7a7dc9d8d81c.asset using Guid(e1dc6417b92aec24a95b299e1f9e1c74) Importer(815301076,1909f56bfc062723c751e8b465ee728b)  -> (artifact id: 'a83966cea046e1591728e8d7eb5d1ee1') in 0.029408 seconds 
  Import took 0.032603 seconds .

========================================================================
Received Import Request.
  Time since last request: 0.000277 seconds.
  path: Assets/Terrains/TerrainData_7d25ce8f-7c20-4d2b-83eb-e18450a1be34.asset
  artifactKey: Guid(c5b3f9edf035bdd4ca1900624e5a1c5e) Importer(815301076,1909f56bfc062723c751e8b465ee728b)
Start importing Assets/Terrains/TerrainData_7d25ce8f-7c20-4d2b-83eb-e18450a1be34.asset using Guid(c5b3f9edf035bdd4ca1900624e5a1c5e) Importer(815301076,1909f56bfc062723c751e8b465ee728b)  -> (artifact id: 'c03c758da617eaf3c8e6e2aa35ff9722') in 0.019006 seconds 
  Import took 0.022348 seconds .

========================================================================
Received Import Request.
  Time since last request: 0.000391 seconds.
  path: Assets/Terrains/TerrainData_e3bf734d-dcd2-4344-b7ad-24396ec89692.asset
  artifactKey: Guid(977c52564b8a6a74f9050047e2059be5) Importer(815301076,1909f56bfc062723c751e8b465ee728b)
Start importing Assets/Terrains/TerrainData_e3bf734d-dcd2-4344-b7ad-24396ec89692.asset using Guid(977c52564b8a6a74f9050047e2059be5) Importer(815301076,1909f56bfc062723c751e8b465ee728b) The tree Tree2 must use the Nature/Soft Occlusion shader. Otherwise billboarding/lighting will not work correctly.
The tree Tree2 must use the Nature/Soft Occlusion shader. Otherwise billboarding/lighting will not work correctly.
The tree Tree1 must use the Nature/Soft Occlusion shader. Otherwise billboarding/lighting will not work correctly.
The tree Tree1 must use the Nature/Soft Occlusion shader. Otherwise billboarding/lighting will not work correctly.
 -> (artifact id: 'e2f76b63a68323bf043059818073983b') in 0.043143 seconds 
  Import took 0.047520 seconds .

========================================================================
Received Import Request.
  Time since last request: 0.000422 seconds.
  path: Assets/Terrains/TerrainData_73cbb1a9-b27d-4193-a297-be1e36eeebc1.asset
  artifactKey: Guid(c1535252df98b2348882914843232db9) Importer(815301076,1909f56bfc062723c751e8b465ee728b)
Start importing Assets/Terrains/TerrainData_73cbb1a9-b27d-4193-a297-be1e36eeebc1.asset using Guid(c1535252df98b2348882914843232db9) Importer(815301076,1909f56bfc062723c751e8b465ee728b)  -> (artifact id: '1775dcaa52c5575af7a6c562f333d6d9') in 0.023258 seconds 
  Import took 0.028157 seconds .

========================================================================
Received Import Request.
  Time since last request: 0.000264 seconds.
  path: Assets/Terrains/TerrainData_bc3f26dc-b2ee-47af-baaf-fc102accdc95.asset
  artifactKey: Guid(91804a521bf6fed4ab110708d3438de6) Importer(815301076,1909f56bfc062723c751e8b465ee728b)
Start importing Assets/Terrains/TerrainData_bc3f26dc-b2ee-47af-baaf-fc102accdc95.asset using Guid(91804a521bf6fed4ab110708d3438de6) Importer(815301076,1909f56bfc062723c751e8b465ee728b) The tree Tree2 must use the Nature/Soft Occlusion shader. Otherwise billboarding/lighting will not work correctly.
The tree Tree2 must use the Nature/Soft Occlusion shader. Otherwise billboarding/lighting will not work correctly.
The tree Tree1 must use the Nature/Soft Occlusion shader. Otherwise billboarding/lighting will not work correctly.
The tree Tree1 must use the Nature/Soft Occlusion shader. Otherwise billboarding/lighting will not work correctly.
 -> (artifact id: '7641cc80034369f3e7e97221b961ba97') in 0.051170 seconds 
  Import took 0.054576 seconds .

========================================================================
Received Import Request.
  Time since last request: 0.000249 seconds.
  path: Assets/Terrains/TerrainData_063b3e4d-6fcb-4ed5-860a-8b2a5303cca5.asset
  artifactKey: Guid(76edbaba1db25bb48b4b12173174d035) Importer(815301076,1909f56bfc062723c751e8b465ee728b)
Start importing Assets/Terrains/TerrainData_063b3e4d-6fcb-4ed5-860a-8b2a5303cca5.asset using Guid(76edbaba1db25bb48b4b12173174d035) Importer(815301076,1909f56bfc062723c751e8b465ee728b) The tree Tree2 must use the Nature/Soft Occlusion shader. Otherwise billboarding/lighting will not work correctly.
The tree Tree2 must use the Nature/Soft Occlusion shader. Otherwise billboarding/lighting will not work correctly.
 -> (artifact id: '248c8d761556df0646aea44c95267cf9') in 0.023041 seconds 
  Import took 0.026547 seconds .

========================================================================
Received Import Request.
  Time since last request: 0.000259 seconds.
  path: Assets/Terrains/TerrainData_cd77896d-b8dc-4997-b6e6-447f208d5b1d.asset
  artifactKey: Guid(bd5eebd089168864a81e1b61ff583829) Importer(815301076,1909f56bfc062723c751e8b465ee728b)
Start importing Assets/Terrains/TerrainData_cd77896d-b8dc-4997-b6e6-447f208d5b1d.asset using Guid(bd5eebd089168864a81e1b61ff583829) Importer(815301076,1909f56bfc062723c751e8b465ee728b)  -> (artifact id: 'f2bd59ea44c4698c7e17717f6d7f123a') in 0.020232 seconds 
  Import took 0.023588 seconds .

========================================================================
Received Import Request.
  Time since last request: 0.000316 seconds.
  path: Assets/Terrains/TerrainData_f41769ce-0722-4ae3-ae75-d1c0f3687593.asset
  artifactKey: Guid(3fe35a05dd8fbc046a8422792a11f58e) Importer(815301076,1909f56bfc062723c751e8b465ee728b)
Start importing Assets/Terrains/TerrainData_f41769ce-0722-4ae3-ae75-d1c0f3687593.asset using Guid(3fe35a05dd8fbc046a8422792a11f58e) Importer(815301076,1909f56bfc062723c751e8b465ee728b) The tree Tree1 must use the Nature/Soft Occlusion shader. Otherwise billboarding/lighting will not work correctly.
The tree Tree1 must use the Nature/Soft Occlusion shader. Otherwise billboarding/lighting will not work correctly.
The tree Tree2 must use the Nature/Soft Occlusion shader. Otherwise billboarding/lighting will not work correctly.
The tree Tree2 must use the Nature/Soft Occlusion shader. Otherwise billboarding/lighting will not work correctly.
 -> (artifact id: 'f0a1e715235a256667853207c180c425') in 0.038904 seconds 
  Import took 0.042407 seconds .

========================================================================
Received Import Request.
  Time since last request: 0.000330 seconds.
  path: Assets/Terrains/TerrainData_8a433306-29f5-4809-9508-b77b4cd19faf.asset
  artifactKey: Guid(fc760e21a462f9843b459aad60f6a8de) Importer(815301076,1909f56bfc062723c751e8b465ee728b)
Start importing Assets/Terrains/TerrainData_8a433306-29f5-4809-9508-b77b4cd19faf.asset using Guid(fc760e21a462f9843b459aad60f6a8de) Importer(815301076,1909f56bfc062723c751e8b465ee728b) The tree Tree2 must use the Nature/Soft Occlusion shader. Otherwise billboarding/lighting will not work correctly.
The tree Tree2 must use the Nature/Soft Occlusion shader. Otherwise billboarding/lighting will not work correctly.
The tree Tree1 must use the Nature/Soft Occlusion shader. Otherwise billboarding/lighting will not work correctly.
The tree Tree1 must use the Nature/Soft Occlusion shader. Otherwise billboarding/lighting will not work correctly.
 -> (artifact id: '828f043bec90969f8d552bf88a47ff7e') in 0.024712 seconds 
  Import took 0.028700 seconds .

========================================================================
Received Import Request.
  Time since last request: 0.000338 seconds.
  path: Assets/Terrains/TerrainData_c78ad96d-2d27-416a-8be4-dec835f21079.asset
  artifactKey: Guid(dff5f2e84539f32429818270ae40b543) Importer(815301076,1909f56bfc062723c751e8b465ee728b)
Start importing Assets/Terrains/TerrainData_c78ad96d-2d27-416a-8be4-dec835f21079.asset using Guid(dff5f2e84539f32429818270ae40b543) Importer(815301076,1909f56bfc062723c751e8b465ee728b) The tree Tree2 must use the Nature/Soft Occlusion shader. Otherwise billboarding/lighting will not work correctly.
The tree Tree2 must use the Nature/Soft Occlusion shader. Otherwise billboarding/lighting will not work correctly.
The tree Tree1 must use the Nature/Soft Occlusion shader. Otherwise billboarding/lighting will not work correctly.
The tree Tree1 must use the Nature/Soft Occlusion shader. Otherwise billboarding/lighting will not work correctly.
 -> (artifact id: 'e64fc21b9143be2930936285ff0493f2') in 0.048430 seconds 
  Import took 0.052379 seconds .

========================================================================
Received Import Request.
  Time since last request: 0.000355 seconds.
  path: Assets/Terrains/TerrainData_d2161008-479b-48fd-9a68-f8ddbd747bc5.asset
  artifactKey: Guid(f460efa38700eca4695a992840f7c018) Importer(815301076,1909f56bfc062723c751e8b465ee728b)
Start importing Assets/Terrains/TerrainData_d2161008-479b-48fd-9a68-f8ddbd747bc5.asset using Guid(f460efa38700eca4695a992840f7c018) Importer(815301076,1909f56bfc062723c751e8b465ee728b)  -> (artifact id: '1bef55bdde39a83f54145bfce82dccff') in 0.020673 seconds 
  Import took 0.024365 seconds .

========================================================================
Received Import Request.
  Time since last request: 0.000335 seconds.
  path: Assets/Terrains/TerrainData_cde2008c-5f63-4102-9d82-834799ea3d8e.asset
  artifactKey: Guid(7cf5b76f25d5f544c83d4e43eaf79056) Importer(815301076,1909f56bfc062723c751e8b465ee728b)
Start importing Assets/Terrains/TerrainData_cde2008c-5f63-4102-9d82-834799ea3d8e.asset using Guid(7cf5b76f25d5f544c83d4e43eaf79056) Importer(815301076,1909f56bfc062723c751e8b465ee728b)  -> (artifact id: '9a2674b6b10310a0b36c0cb48ad188f3') in 0.049009 seconds 
  Import took 0.052574 seconds .

========================================================================
Received Import Request.
  Time since last request: 0.000316 seconds.
  path: Assets/Terrains/TerrainData_7374cd95-8b25-4ee0-acc1-fca35e19ed06.asset
  artifactKey: Guid(1e4ac0abdbbce254ca66e1858dc6d452) Importer(815301076,1909f56bfc062723c751e8b465ee728b)
Start importing Assets/Terrains/TerrainData_7374cd95-8b25-4ee0-acc1-fca35e19ed06.asset using Guid(1e4ac0abdbbce254ca66e1858dc6d452) Importer(815301076,1909f56bfc062723c751e8b465ee728b) The tree Tree1 must use the Nature/Soft Occlusion shader. Otherwise billboarding/lighting will not work correctly.
The tree Tree1 must use the Nature/Soft Occlusion shader. Otherwise billboarding/lighting will not work correctly.
The tree Tree2 must use the Nature/Soft Occlusion shader. Otherwise billboarding/lighting will not work correctly.
The tree Tree2 must use the Nature/Soft Occlusion shader. Otherwise billboarding/lighting will not work correctly.
 -> (artifact id: '4ec90795a1fe46b2c3cd9827d9f5a646') in 0.032068 seconds 
  Import took 0.036459 seconds .

========================================================================
Received Import Request.
  Time since last request: 0.000338 seconds.
  path: Assets/Terrains/TerrainData_7789d774-efde-46ad-9bd0-6674069e3797.asset
  artifactKey: Guid(000517094d172364590c60a39b1edabc) Importer(815301076,1909f56bfc062723c751e8b465ee728b)
Start importing Assets/Terrains/TerrainData_7789d774-efde-46ad-9bd0-6674069e3797.asset using Guid(000517094d172364590c60a39b1edabc) Importer(815301076,1909f56bfc062723c751e8b465ee728b) The tree Tree2 must use the Nature/Soft Occlusion shader. Otherwise billboarding/lighting will not work correctly.
The tree Tree2 must use the Nature/Soft Occlusion shader. Otherwise billboarding/lighting will not work correctly.
The tree Tree1 must use the Nature/Soft Occlusion shader. Otherwise billboarding/lighting will not work correctly.
The tree Tree1 must use the Nature/Soft Occlusion shader. Otherwise billboarding/lighting will not work correctly.
The tree Rock5 must use the Nature/Soft Occlusion shader. Otherwise billboarding/lighting will not work correctly.
The tree Rock1 must use the Nature/Soft Occlusion shader. Otherwise billboarding/lighting will not work correctly.
The tree Rock5 must use the Nature/Soft Occlusion shader. Otherwise billboarding/lighting will not work correctly.
The tree Rock3 must use the Nature/Soft Occlusion shader. Otherwise billboarding/lighting will not work correctly.
 -> (artifact id: '665e3c06b9bad1874a2ebb9ddcc7ef3a') in 0.024893 seconds 
  Import took 0.028848 seconds .

========================================================================
Received Import Request.
  Time since last request: 0.000261 seconds.
  path: Assets/Terrains/TerrainData_a623f4a3-1b76-4c78-b9cd-258ff6692d3f.asset
  artifactKey: Guid(88aec2e8fd252d244977f59fe059ca4d) Importer(815301076,1909f56bfc062723c751e8b465ee728b)
Start importing Assets/Terrains/TerrainData_a623f4a3-1b76-4c78-b9cd-258ff6692d3f.asset using Guid(88aec2e8fd252d244977f59fe059ca4d) Importer(815301076,1909f56bfc062723c751e8b465ee728b)  -> (artifact id: '4889369dabf99fff3066baffd82ff03e') in 0.021724 seconds 
  Import took 0.031547 seconds .

========================================================================
Received Import Request.
  Time since last request: 0.000276 seconds.
  path: Assets/Terrains/TerrainData_9024f781-4563-427e-b758-48b96721716f.asset
  artifactKey: Guid(a536288f3b53f2040ae8bb07f2419d76) Importer(815301076,1909f56bfc062723c751e8b465ee728b)
Start importing Assets/Terrains/TerrainData_9024f781-4563-427e-b758-48b96721716f.asset using Guid(a536288f3b53f2040ae8bb07f2419d76) Importer(815301076,1909f56bfc062723c751e8b465ee728b) The tree RHEF_SpruceA couldn't be instanced because the prefab contains no valid mesh renderer.
The tree RHEF_SpruceA couldn't be instanced because the prefab contains no valid mesh renderer.
The tree Tree couldn't be instanced because the prefab contains no valid mesh renderer.
Tree prefab at index 3 is missing.
The tree Tree1 must use the Nature/Soft Occlusion shader. Otherwise billboarding/lighting will not work correctly.
The tree Tree1 must use the Nature/Soft Occlusion shader. Otherwise billboarding/lighting will not work correctly.
The tree Tree2 must use the Nature/Soft Occlusion shader. Otherwise billboarding/lighting will not work correctly.
The tree Tree2 must use the Nature/Soft Occlusion shader. Otherwise billboarding/lighting will not work correctly.
The tree TreeYellow3 must use the Nature/Soft Occlusion shader. Otherwise billboarding/lighting will not work correctly.
The tree TreeYellow3 must use the Nature/Soft Occlusion shader. Otherwise billboarding/lighting will not work correctly.
The tree TreeYellow3 must use the Nature/Soft Occlusion shader. Otherwise billboarding/lighting will not work correctly.
The tree Rock5 must use the Nature/Soft Occlusion shader. Otherwise billboarding/lighting will not work correctly.
The tree Rock1 must use the Nature/Soft Occlusion shader. Otherwise billboarding/lighting will not work correctly.
The tree Rock5 must use the Nature/Soft Occlusion shader. Otherwise billboarding/lighting will not work correctly.
The tree Rock3 must use the Nature/Soft Occlusion shader. Otherwise billboarding/lighting will not work correctly.
 -> (artifact id: '2edf9a14dd69d61ee4aaaff146f436bb') in 0.040784 seconds 
  Import took 0.044890 seconds .

========================================================================
Received Import Request.
  Time since last request: 42.719860 seconds.
  path: Assets/04_FeatureAsset/Rocky Hills Environment - Light/Assets/Toby Fredson/Rocky Hills Environment - Light Pack/Prefabs/RHEF_SpruceA.prefab
  artifactKey: Guid(ddd082fb4672f6643be6891e17a84358) Importer(815301076,1909f56bfc062723c751e8b465ee728b)
Start importing Assets/04_FeatureAsset/Rocky Hills Environment - Light/Assets/Toby Fredson/Rocky Hills Environment - Light Pack/Prefabs/RHEF_SpruceA.prefab using Guid(ddd082fb4672f6643be6891e17a84358) Importer(815301076,1909f56bfc062723c751e8b465ee728b)  -> (artifact id: '246c5d7af67f6fdd8c87a96f0f399d08') in 0.271639 seconds 
  Import took 0.275367 seconds .

========================================================================
Received Import Request.
  Time since last request: 0.000338 seconds.
  path: Assets/02_CityAsset/SimpleLowPolyNature/Prefabs/Tree2.prefab
  artifactKey: Guid(3e2accafa3a5f1b40ba86cf39bcb49a7) Importer(815301076,1909f56bfc062723c751e8b465ee728b)
Start importing Assets/02_CityAsset/SimpleLowPolyNature/Prefabs/Tree2.prefab using Guid(3e2accafa3a5f1b40ba86cf39bcb49a7) Importer(815301076,1909f56bfc062723c751e8b465ee728b)  -> (artifact id: 'e7c8146a3047b65967e0b6eab9f3d0f0') in 0.022216 seconds 
  Import took 0.025700 seconds .

========================================================================
Received Import Request.
  Time since last request: 0.000587 seconds.
  path: Assets/02_CityAsset/SimpleLowPolyNature/Prefabs/Rock1.prefab
  artifactKey: Guid(c0695e50372965840badd7b84ed57617) Importer(815301076,1909f56bfc062723c751e8b465ee728b)
Start importing Assets/02_CityAsset/SimpleLowPolyNature/Prefabs/Rock1.prefab using Guid(c0695e50372965840badd7b84ed57617) Importer(815301076,1909f56bfc062723c751e8b465ee728b)  -> (artifact id: '632e12306fb0cdafe52e8baa769510c8') in 0.015182 seconds 
  Import took 0.019072 seconds .

========================================================================
Received Import Request.
  Time since last request: 0.000273 seconds.
  path: Assets/02_CityAsset/SimpleLowPolyNature/Prefabs/TreeYellow3.prefab
  artifactKey: Guid(2196e66c52d25ac469e55fb8f4d54d4a) Importer(815301076,1909f56bfc062723c751e8b465ee728b)
Start importing Assets/02_CityAsset/SimpleLowPolyNature/Prefabs/TreeYellow3.prefab using Guid(2196e66c52d25ac469e55fb8f4d54d4a) Importer(815301076,1909f56bfc062723c751e8b465ee728b)  -> (artifact id: '5717a5791a4b0fc7e97eac9aba7e0fa2') in 0.019363 seconds 
  Import took 0.023237 seconds .

========================================================================
Received Import Request.
  Time since last request: 0.000267 seconds.
  path: Assets/02_CityAsset/SimpleLowPolyNature/Prefabs/Rock5.prefab
  artifactKey: Guid(daf661d478fbcbf4791f00721500cb43) Importer(815301076,1909f56bfc062723c751e8b465ee728b)
Start importing Assets/02_CityAsset/SimpleLowPolyNature/Prefabs/Rock5.prefab using Guid(daf661d478fbcbf4791f00721500cb43) Importer(815301076,1909f56bfc062723c751e8b465ee728b)  -> (artifact id: 'c2faee856b1f04a511e263f5901c573a') in 0.016590 seconds 
  Import took 0.019716 seconds .

========================================================================
Received Import Request.
  Time since last request: 0.000323 seconds.
  path: Assets/02_CityAsset/SimpleLowPolyNature/Prefabs/Tree1.prefab
  artifactKey: Guid(5983c8a04c0e73047a6c860b9cd9aaad) Importer(815301076,1909f56bfc062723c751e8b465ee728b)
Start importing Assets/02_CityAsset/SimpleLowPolyNature/Prefabs/Tree1.prefab using Guid(5983c8a04c0e73047a6c860b9cd9aaad) Importer(815301076,1909f56bfc062723c751e8b465ee728b)  -> (artifact id: '7aa7cabb5712f98779345034a6c287ed') in 0.016890 seconds 
  Import took 0.020381 seconds .

========================================================================
Received Import Request.
  Time since last request: 0.000249 seconds.
  path: Assets/02_CityAsset/SimpleLowPolyNature/Models/Rock5.fbx
  artifactKey: Guid(1c31f4821cebacb4caf43d3a6524741e) Importer(815301076,1909f56bfc062723c751e8b465ee728b)
Start importing Assets/02_CityAsset/SimpleLowPolyNature/Models/Rock5.fbx using Guid(1c31f4821cebacb4caf43d3a6524741e) Importer(815301076,1909f56bfc062723c751e8b465ee728b)  -> (artifact id: 'dfce047efb5a0eec778382df6b9bf6f4') in 0.079521 seconds 
  Import took 0.083308 seconds .

========================================================================
Received Import Request.
  Time since last request: 0.000241 seconds.
  path: Assets/02_CityAsset/MaximeBrunoni/BridgesPack/Art/Meshes/Tree.fbx
  artifactKey: Guid(006fb49c547b45043b6037559e90beb9) Importer(815301076,1909f56bfc062723c751e8b465ee728b)
Start importing Assets/02_CityAsset/MaximeBrunoni/BridgesPack/Art/Meshes/Tree.fbx using Guid(006fb49c547b45043b6037559e90beb9) Importer(815301076,1909f56bfc062723c751e8b465ee728b)  -> (artifact id: '1799433f5ec0f1e8ae47ab174e946d6d') in 1.137579 seconds 
  Import took 1.143834 seconds .

========================================================================
Received Import Request.
  Time since last request: 0.000327 seconds.
  path: Assets/02_CityAsset/SimpleLowPolyNature/Prefabs/Rock3.prefab
  artifactKey: Guid(1cc366ffed1f2924690139d67a88b254) Importer(815301076,1909f56bfc062723c751e8b465ee728b)
Start importing Assets/02_CityAsset/SimpleLowPolyNature/Prefabs/Rock3.prefab using Guid(1cc366ffed1f2924690139d67a88b254) Importer(815301076,1909f56bfc062723c751e8b465ee728b)  -> (artifact id: '40466bb1a309fd828feff1b81183610a') in 0.031913 seconds 
  Import took 0.035591 seconds .

AssetImportWorkerClient::OnTransportError - code=2 error=End of file
